21:11:30 INFO  Starting VentaServiceApplication using Java 21.0.10 with PID 15544 (C:\Users\vicen\OneDrive\Escritorio\Nexus-fashion - final\venta-service\target\classes started by vicen in C:\Users\vicen\OneDrive\Escritorio\Nexus-fashion - final\venta-service)
21:11:30 INFO  No active profile set, falling back to 1 default profile: "default"
21:11:30 INFO  Devtools property defaults active! Set 'spring.devtools.add-properties' to 'false' to disable
21:11:30 INFO  For additional web related logging consider setting the 'logging.level.web' property to 'DEBUG'
21:11:32 INFO  Bootstrapping Spring Data JPA repositories in DEFAULT mode.
21:11:32 INFO  Finished Spring Data repository scanning in 199 ms. Found 1 JPA repository interface.
21:11:33 INFO  Tomcat initialized with port 9094 (http)
21:11:33 INFO  Starting service [Tomcat]
21:11:33 INFO  Starting Servlet engine: [Apache Tomcat/11.0.21]
21:11:33 INFO  Root WebApplicationContext: initialization completed in 3047 ms
21:11:34 INFO  HikariPool-1 - Starting...
21:11:35 INFO  HikariPool-1 - Added connection com.mysql.cj.jdbc.ConnectionImpl@460b743d
21:11:35 INFO  HikariPool-1 - Start completed.
21:11:35 INFO  HHH008540: Processing PersistenceUnitInfo [name: default]
21:11:35 INFO  HHH000001: Hibernate ORM core version 7.2.12.Final
21:11:36 INFO  No LoadTimeWeaver setup: ignoring JPA class transformer
21:11:36 WARN  HHH000511: The 5.5.5 version for [org.hibernate.dialect.MySQLDialect] is no longer supported, hence certain features may not work properly.The minimum supported version is 8.0.0. Check the community dialects project for available legacy versions.
21:11:36 INFO  HHH10001005: Database info:
	Database JDBC URL [jdbc:mysql://localhost:3306/bd_venta?createDatabaseIfNotExist=true]
	Database driver: MySQL Connector/J
	Database dialect: MySQLDialect
	Database version: 5.5.5
	Default catalog/schema: bd_venta/undefined
	Autocommit mode: undefined/unknown
	Isolation level: REPEATABLE_READ [default REPEATABLE_READ]
	JDBC fetch size: none
	Pool: DataSourceConnectionProvider
	Minimum pool size: undefined/unknown
	Maximum pool size: undefined/unknown
21:11:37 INFO  HHH000489: No JTA platform available (set 'hibernate.transaction.jta.platform' to enable JTA platform integration)
21:11:37 INFO  Initialized JPA EntityManagerFactory for persistence unit 'default'
21:11:38 INFO  Hibernate is in classpath; If applicable, HQL parser will be used.
21:11:41 INFO  Creating database changelog table with name: bd_venta.databasechangelog
21:11:41 INFO  Reading from bd_venta.databasechangelog
21:11:41 INFO  Creating snapshot
21:11:41 INFO  Name 'PK_DATABASECHANGELOGLOCK' ignored for PRIMARY key.
21:11:41 INFO  Successfully acquired change log lock
21:11:41 INFO  Using deploymentId: 1572298632
21:11:41 INFO  Reading from bd_venta.databasechangelog
21:11:41 INFO  Running Changeset: db/changelog/db.changelog.sql::1::autor
21:11:41 INFO  Custom SQL executed
21:11:41 INFO  ChangeSet db/changelog/db.changelog.sql::1::autor ran successfully in 36ms
21:11:41 INFO  Running Changeset: db/changelog/db.changelog.sql::2::autor
21:11:41 INFO  Custom SQL executed
21:11:41 INFO  ChangeSet db/changelog/db.changelog.sql::2::autor ran successfully in 20ms
21:11:41 INFO  Running Changeset: db/changelog/db.changelog.sql::3::autor
21:11:41 INFO  Custom SQL executed
21:11:41 INFO  ChangeSet db/changelog/db.changelog.sql::3::autor ran successfully in 37ms
21:11:41 INFO  Running Changeset: db/changelog/db.changelog.sql::4::autor
21:11:41 INFO  Custom SQL executed
21:11:41 INFO  ChangeSet db/changelog/db.changelog.sql::4::autor ran successfully in 12ms
21:11:41 INFO  Running Changeset: db/changelog/db.changelog.sql::5::autor
21:11:41 INFO  Custom SQL executed
21:11:41 INFO  ChangeSet db/changelog/db.changelog.sql::5::autor ran successfully in 35ms
21:11:41 INFO  Running Changeset: db/changelog/db.changelog.sql::6::autor
21:11:41 INFO  Custom SQL executed
21:11:41 INFO  ChangeSet db/changelog/db.changelog.sql::6::autor ran successfully in 14ms
21:11:41 INFO  UPDATE SUMMARY
21:11:41 INFO  Run:                          6
21:11:41 INFO  Previously run:               0
21:11:41 INFO  Filtered out:                 0
21:11:41 INFO  -------------------------------
21:11:41 INFO  Total change sets:            6
21:11:41 INFO  Update summary generated
21:11:41 INFO  Update command completed successfully.
21:11:41 INFO  Liquibase: Update has been successful. Rows affected: 16
21:11:41 INFO  Successfully released change log lock
21:11:41 INFO  Command execution complete
21:11:42 WARN  spring.jpa.open-in-view is enabled by default. Therefore, database queries may be performed during view rendering. Explicitly configure spring.jpa.open-in-view to disable this warning
21:11:42 WARN  Exception encountered during context initialization - cancelling refresh attempt: org.springframework.beans.factory.UnsatisfiedDependencyException: Error creating bean with name 'modelConverterRegistrar' defined in class path resource [org/springdoc/core/configuration/SpringDocConfiguration.class]: Unsatisfied dependency expressed through method 'modelConverterRegistrar' parameter 0: Error creating bean with name 'collectionModelContentConverter' defined in class path resource [org/springdoc/core/configuration/SpringDocHateoasConfiguration.class]: Unsatisfied dependency expressed through method 'collectionModelContentConverter' parameter 0: Error creating bean with name 'halProvider' defined in class path resource [org/springdoc/core/configuration/SpringDocDataRestConfiguration.class]: Unexpected exception during bean creation
21:11:42 INFO  Closing JPA EntityManagerFactory for persistence unit 'default'
21:11:42 INFO  HikariPool-1 - Shutdown initiated...
21:11:42 INFO  HikariPool-1 - Shutdown completed.
21:11:42 INFO  Stopping service [Tomcat]
21:11:43 INFO  

Error starting ApplicationContext. To display the condition evaluation report re-run your application with 'debug' enabled.
21:11:43 ERROR Application run failed
org.springframework.beans.factory.UnsatisfiedDependencyException: Error creating bean with name 'modelConverterRegistrar' defined in class path resource [org/springdoc/core/configuration/SpringDocConfiguration.class]: Unsatisfied dependency expressed through method 'modelConverterRegistrar' parameter 0: Error creating bean with name 'collectionModelContentConverter' defined in class path resource [org/springdoc/core/configuration/SpringDocHateoasConfiguration.class]: Unsatisfied dependency expressed through method 'collectionModelContentConverter' parameter 0: Error creating bean with name 'halProvider' defined in class path resource [org/springdoc/core/configuration/SpringDocDataRestConfiguration.class]: Unexpected exception during bean creation
	at org.springframework.beans.factory.support.ConstructorResolver.createArgumentArray(ConstructorResolver.java:804)
	at org.springframework.beans.factory.support.ConstructorResolver.instantiateUsingFactoryMethod(ConstructorResolver.java:546)
	at org.springframework.beans.factory.support.AbstractAutowireCapableBeanFactory.instantiateUsingFactoryMethod(AbstractAutowireCapableBeanFactory.java:1362)
	at org.springframework.beans.factory.support.AbstractAutowireCapableBeanFactory.createBeanInstance(AbstractAutowireCapableBeanFactory.java:1194)
	at org.springframework.beans.factory.support.AbstractAutowireCapableBeanFactory.doCreateBean(AbstractAutowireCapableBeanFactory.java:565)
	at org.springframework.beans.factory.support.AbstractAutowireCapableBeanFactory.createBean(AbstractAutowireCapableBeanFactory.java:525)
	at org.springframework.beans.factory.support.AbstractBeanFactory.lambda$doGetBean$0(AbstractBeanFactory.java:333)
	at org.springframework.beans.factory.support.DefaultSingletonBeanRegistry.getSingleton(DefaultSingletonBeanRegistry.java:371)
	at org.springframework.beans.factory.support.AbstractBeanFactory.doGetBean(AbstractBeanFactory.java:331)
	at org.springframework.beans.factory.support.AbstractBeanFactory.getBean(AbstractBeanFactory.java:196)
	at org.springframework.beans.factory.support.DefaultListableBeanFactory.instantiateSingleton(DefaultListableBeanFactory.java:1218)
	at org.springframework.beans.factory.support.DefaultListableBeanFactory.preInstantiateSingleton(DefaultListableBeanFactory.java:1184)
	at org.springframework.beans.factory.support.DefaultListableBeanFactory.preInstantiateSingletons(DefaultListableBeanFactory.java:1121)
	at org.springframework.context.support.AbstractApplicationContext.finishBeanFactoryInitialization(AbstractApplicationContext.java:994)
	at org.springframework.context.support.AbstractApplicationContext.refresh(AbstractApplicationContext.java:621)
	at org.springframework.boot.web.server.servlet.context.ServletWebServerApplicationContext.refresh(ServletWebServerApplicationContext.java:143)
	at org.springframework.boot.SpringApplication.refresh(SpringApplication.java:756)
	at org.springframework.boot.SpringApplication.refreshContext(SpringApplication.java:445)
	at org.springframework.boot.SpringApplication.run(SpringApplication.java:321)
	at org.springframework.boot.SpringApplication.run(SpringApplication.java:1365)
	at org.springframework.boot.SpringApplication.run(SpringApplication.java:1354)
	at com.Nexus_Fashion.venta_service.VentaServiceApplication.main(VentaServiceApplication.java:10)
	at java.base/jdk.internal.reflect.DirectMethodHandleAccessor.invoke(DirectMethodHandleAccessor.java:103)
	at java.base/java.lang.reflect.Method.invoke(Method.java:580)
	at org.springframework.boot.devtools.restart.RestartLauncher.run(RestartLauncher.java:52)
Caused by: org.springframework.beans.factory.UnsatisfiedDependencyException: Error creating bean with name 'collectionModelContentConverter' defined in class path resource [org/springdoc/core/configuration/SpringDocHateoasConfiguration.class]: Unsatisfied dependency expressed through method 'collectionModelContentConverter' parameter 0: Error creating bean with name 'halProvider' defined in class path resource [org/springdoc/core/configuration/SpringDocDataRestConfiguration.class]: Unexpected exception during bean creation
	at org.springframework.beans.factory.support.ConstructorResolver.createArgumentArray(ConstructorResolver.java:804)
	at org.springframework.beans.factory.support.ConstructorResolver.instantiateUsingFactoryMethod(ConstructorResolver.java:546)
	at org.springframework.beans.factory.support.AbstractAutowireCapableBeanFactory.instantiateUsingFactoryMethod(AbstractAutowireCapableBeanFactory.java:1362)
	at org.springframework.beans.factory.support.AbstractAutowireCapableBeanFactory.createBeanInstance(AbstractAutowireCapableBeanFactory.java:1194)
	at org.springframework.beans.factory.support.AbstractAutowireCapableBeanFactory.doCreateBean(AbstractAutowireCapableBeanFactory.java:565)
	at org.springframework.beans.factory.support.AbstractAutowireCapableBeanFactory.createBean(AbstractAutowireCapableBeanFactory.java:525)
	at org.springframework.beans.factory.support.AbstractBeanFactory.lambda$doGetBean$0(AbstractBeanFactory.java:333)
	at org.springframework.beans.factory.support.DefaultSingletonBeanRegistry.getSingleton(DefaultSingletonBeanRegistry.java:371)
	at org.springframework.beans.factory.support.AbstractBeanFactory.doGetBean(AbstractBeanFactory.java:331)
	at org.springframework.beans.factory.support.AbstractBeanFactory.getBean(AbstractBeanFactory.java:201)
	at org.springframework.beans.factory.config.DependencyDescriptor.resolveCandidate(DependencyDescriptor.java:229)
	at org.springframework.beans.factory.support.DefaultListableBeanFactory.addCandidateEntry(DefaultListableBeanFactory.java:2008)
	at org.springframework.beans.factory.support.DefaultListableBeanFactory.findAutowireCandidates(DefaultListableBeanFactory.java:1971)
	at org.springframework.beans.factory.support.DefaultListableBeanFactory.resolveMultipleBeanCollection(DefaultListableBeanFactory.java:1863)
	at org.springframework.beans.factory.support.DefaultListableBeanFactory.resolveMultipleBeans(DefaultListableBeanFactory.java:1833)
	at org.springframework.beans.factory.support.DefaultListableBeanFactory.doResolveDependency(DefaultListableBeanFactory.java:1711)
	at org.springframework.beans.factory.support.DefaultListableBeanFactory.createOptionalDependency(DefaultListableBeanFactory.java:2351)
	at org.springframework.beans.factory.support.DefaultListableBeanFactory.resolveDependency(DefaultListableBeanFactory.java:1635)
	at org.springframework.beans.factory.support.ConstructorResolver.resolveAutowiredArgument(ConstructorResolver.java:912)
	at org.springframework.beans.factory.support.ConstructorResolver.createArgumentArray(ConstructorResolver.java:791)
	... 24 common frames omitted
Caused by: org.springframework.beans.factory.BeanCreationException: Error creating bean with name 'halProvider' defined in class path resource [org/springdoc/core/configuration/SpringDocDataRestConfiguration.class]: Unexpected exception during bean creation
	at org.springframework.beans.factory.support.AbstractAutowireCapableBeanFactory.createBean(AbstractAutowireCapableBeanFactory.java:538)
	at org.springframework.beans.factory.support.AbstractBeanFactory.lambda$doGetBean$0(AbstractBeanFactory.java:333)
	at org.springframework.beans.factory.support.DefaultSingletonBeanRegistry.getSingleton(DefaultSingletonBeanRegistry.java:371)
	at org.springframework.beans.factory.support.AbstractBeanFactory.doGetBean(AbstractBeanFactory.java:331)
	at org.springframework.beans.factory.support.AbstractBeanFactory.getBean(AbstractBeanFactory.java:201)
	at org.springframework.beans.factory.support.DefaultListableBeanFactory.resolveBean(DefaultListableBeanFactory.java:1225)
	at org.springframework.beans.factory.support.DefaultListableBeanFactory.doResolveDependency(DefaultListableBeanFactory.java:1704)
	at org.springframework.beans.factory.support.DefaultListableBeanFactory.resolveDependency(DefaultListableBeanFactory.java:1651)
	at org.springframework.beans.factory.support.ConstructorResolver.resolveAutowiredArgument(ConstructorResolver.java:912)
	at org.springframework.beans.factory.support.ConstructorResolver.createArgumentArray(ConstructorResolver.java:791)
	... 43 common frames omitted
Caused by: java.lang.TypeNotPresentException: Type org.springframework.boot.autoconfigure.hateoas.HateoasProperties not present
	at java.base/sun.reflect.generics.factory.CoreReflectionFactory.makeNamedType(CoreReflectionFactory.java:117)
	at java.base/sun.reflect.generics.visitor.Reifier.visitClassTypeSignature(Reifier.java:125)
	at java.base/sun.reflect.generics.tree.ClassTypeSignature.accept(ClassTypeSignature.java:49)
	at java.base/sun.reflect.generics.visitor.Reifier.reifyTypeArguments(Reifier.java:68)
	at java.base/sun.reflect.generics.visitor.Reifier.visitClassTypeSignature(Reifier.java:138)
	at java.base/sun.reflect.generics.tree.ClassTypeSignature.accept(ClassTypeSignature.java:49)
	at java.base/sun.reflect.generics.repository.ConstructorRepository.computeParameterTypes(ConstructorRepository.java:111)
	at java.base/sun.reflect.generics.repository.ConstructorRepository.getParameterTypes(ConstructorRepository.java:87)
	at java.base/java.lang.reflect.Executable.getGenericParameterTypes(Executable.java:333)
	at java.base/java.lang.reflect.Method.getGenericParameterTypes(Method.java:337)
	at org.springframework.core.MethodParameter.getGenericParameterType(MethodParameter.java:499)
	at org.springframework.core.MethodParameter.getNestedParameterType(MethodParameter.java:539)
	at org.springframework.beans.factory.config.DependencyDescriptor.getDependencyType(DependencyDescriptor.java:357)
	at org.springframework.beans.factory.support.DefaultListableBeanFactory.doResolveDependency(DefaultListableBeanFactory.java:1666)
	at org.springframework.beans.factory.support.DefaultListableBeanFactory.createOptionalDependency(DefaultListableBeanFactory.java:2351)
	at org.springframework.beans.factory.support.DefaultListableBeanFactory.resolveDependency(DefaultListableBeanFactory.java:1635)
	at org.springframework.beans.factory.support.ConstructorResolver.resolveAutowiredArgument(ConstructorResolver.java:912)
	at org.springframework.beans.factory.support.ConstructorResolver.createArgumentArray(ConstructorResolver.java:791)
	at org.springframework.beans.factory.support.ConstructorResolver.instantiateUsingFactoryMethod(ConstructorResolver.java:546)
	at org.springframework.beans.factory.support.AbstractAutowireCapableBeanFactory.instantiateUsingFactoryMethod(AbstractAutowireCapableBeanFactory.java:1362)
	at org.springframework.beans.factory.support.AbstractAutowireCapableBeanFactory.createBeanInstance(AbstractAutowireCapableBeanFactory.java:1194)
	at org.springframework.beans.factory.support.AbstractAutowireCapableBeanFactory.doCreateBean(AbstractAutowireCapableBeanFactory.java:565)
	at org.springframework.beans.factory.support.AbstractAutowireCapableBeanFactory.createBean(AbstractAutowireCapableBeanFactory.java:525)
	... 52 common frames omitted
Caused by: java.lang.ClassNotFoundException: org.springframework.boot.autoconfigure.hateoas.HateoasProperties
	at java.base/jdk.internal.loader.BuiltinClassLoader.loadClass(BuiltinClassLoader.java:641)
	at java.base/jdk.internal.loader.ClassLoaders$AppClassLoader.loadClass(ClassLoaders.java:188)
	at java.base/java.lang.ClassLoader.loadClass(ClassLoader.java:526)
	at java.base/java.lang.Class.forName0(Native Method)
	at java.base/java.lang.Class.forName(Class.java:536)
	at java.base/java.lang.Class.forName(Class.java:515)
	at java.base/sun.reflect.generics.factory.CoreReflectionFactory.makeNamedType(CoreReflectionFactory.java:114)
	... 74 common frames omitted
21:21:05 INFO  Starting VentaServiceApplication using Java 21.0.10 with PID 4264 (C:\Users\vicen\OneDrive\Escritorio\Nexus-fashion - final\venta-service\target\classes started by vicen in C:\Users\vicen\OneDrive\Escritorio\Nexus-fashion - final\venta-service)
21:21:05 INFO  No active profile set, falling back to 1 default profile: "default"
21:21:05 INFO  Devtools property defaults active! Set 'spring.devtools.add-properties' to 'false' to disable
21:21:05 INFO  For additional web related logging consider setting the 'logging.level.web' property to 'DEBUG'
21:21:07 INFO  Bootstrapping Spring Data JPA repositories in DEFAULT mode.
21:21:07 INFO  Finished Spring Data repository scanning in 179 ms. Found 1 JPA repository interface.
21:21:08 INFO  Tomcat initialized with port 9094 (http)
21:21:08 INFO  Starting service [Tomcat]
21:21:08 INFO  Starting Servlet engine: [Apache Tomcat/11.0.21]
21:21:08 INFO  Root WebApplicationContext: initialization completed in 2578 ms
21:21:08 INFO  HikariPool-1 - Starting...
21:21:09 INFO  HikariPool-1 - Added connection com.mysql.cj.jdbc.ConnectionImpl@763392fc
21:21:09 INFO  HikariPool-1 - Start completed.
21:21:09 INFO  HHH008540: Processing PersistenceUnitInfo [name: default]
21:21:09 INFO  HHH000001: Hibernate ORM core version 7.2.12.Final
21:21:10 INFO  No LoadTimeWeaver setup: ignoring JPA class transformer
21:21:10 WARN  HHH000511: The 5.5.5 version for [org.hibernate.dialect.MySQLDialect] is no longer supported, hence certain features may not work properly.The minimum supported version is 8.0.0. Check the community dialects project for available legacy versions.
21:21:10 INFO  HHH10001005: Database info:
	Database JDBC URL [jdbc:mysql://localhost:3306/bd_venta?createDatabaseIfNotExist=true]
	Database driver: MySQL Connector/J
	Database dialect: MySQLDialect
	Database version: 5.5.5
	Default catalog/schema: bd_venta/undefined
	Autocommit mode: undefined/unknown
	Isolation level: REPEATABLE_READ [default REPEATABLE_READ]
	JDBC fetch size: none
	Pool: DataSourceConnectionProvider
	Minimum pool size: undefined/unknown
	Maximum pool size: undefined/unknown
21:21:11 INFO  HHH000489: No JTA platform available (set 'hibernate.transaction.jta.platform' to enable JTA platform integration)
21:21:11 INFO  Initialized JPA EntityManagerFactory for persistence unit 'default'
21:21:11 INFO  Hibernate is in classpath; If applicable, HQL parser will be used.
21:21:15 INFO  Reading from bd_venta.databasechangelog
21:21:15 INFO  Database is up to date, no changesets to execute
21:21:15 INFO  Reading from bd_venta.databasechangelog
21:21:15 INFO  UPDATE SUMMARY
21:21:15 INFO  Run:                          0
21:21:15 INFO  Previously run:               6
21:21:15 INFO  Filtered out:                 0
21:21:15 INFO  -------------------------------
21:21:15 INFO  Total change sets:            6
21:21:15 INFO  Update summary generated
21:21:15 INFO  Command execution complete
21:21:15 WARN  spring.jpa.open-in-view is enabled by default. Therefore, database queries may be performed during view rendering. Explicitly configure spring.jpa.open-in-view to disable this warning
21:21:16 WARN  Exception encountered during context initialization - cancelling refresh attempt: org.springframework.beans.factory.UnsatisfiedDependencyException: Error creating bean with name 'modelConverterRegistrar' defined in class path resource [org/springdoc/core/configuration/SpringDocConfiguration.class]: Unsatisfied dependency expressed through method 'modelConverterRegistrar' parameter 0: Error creating bean with name 'collectionModelContentConverter' defined in class path resource [org/springdoc/core/configuration/SpringDocHateoasConfiguration.class]: Unsatisfied dependency expressed through method 'collectionModelContentConverter' parameter 0: Error creating bean with name 'halProvider' defined in class path resource [org/springdoc/core/configuration/SpringDocDataRestConfiguration.class]: Unexpected exception during bean creation
21:21:16 INFO  Closing JPA EntityManagerFactory for persistence unit 'default'
21:21:16 INFO  HikariPool-1 - Shutdown initiated...
21:21:16 INFO  HikariPool-1 - Shutdown completed.
21:21:16 INFO  Stopping service [Tomcat]
21:21:16 INFO  

Error starting ApplicationContext. To display the condition evaluation report re-run your application with 'debug' enabled.
21:21:16 ERROR Application run failed
org.springframework.beans.factory.UnsatisfiedDependencyException: Error creating bean with name 'modelConverterRegistrar' defined in class path resource [org/springdoc/core/configuration/SpringDocConfiguration.class]: Unsatisfied dependency expressed through method 'modelConverterRegistrar' parameter 0: Error creating bean with name 'collectionModelContentConverter' defined in class path resource [org/springdoc/core/configuration/SpringDocHateoasConfiguration.class]: Unsatisfied dependency expressed through method 'collectionModelContentConverter' parameter 0: Error creating bean with name 'halProvider' defined in class path resource [org/springdoc/core/configuration/SpringDocDataRestConfiguration.class]: Unexpected exception during bean creation
	at org.springframework.beans.factory.support.ConstructorResolver.createArgumentArray(ConstructorResolver.java:804)
	at org.springframework.beans.factory.support.ConstructorResolver.instantiateUsingFactoryMethod(ConstructorResolver.java:546)
	at org.springframework.beans.factory.support.AbstractAutowireCapableBeanFactory.instantiateUsingFactoryMethod(AbstractAutowireCapableBeanFactory.java:1362)
	at org.springframework.beans.factory.support.AbstractAutowireCapableBeanFactory.createBeanInstance(AbstractAutowireCapableBeanFactory.java:1194)
	at org.springframework.beans.factory.support.AbstractAutowireCapableBeanFactory.doCreateBean(AbstractAutowireCapableBeanFactory.java:565)
	at org.springframework.beans.factory.support.AbstractAutowireCapableBeanFactory.createBean(AbstractAutowireCapableBeanFactory.java:525)
	at org.springframework.beans.factory.support.AbstractBeanFactory.lambda$doGetBean$0(AbstractBeanFactory.java:333)
	at org.springframework.beans.factory.support.DefaultSingletonBeanRegistry.getSingleton(DefaultSingletonBeanRegistry.java:371)
	at org.springframework.beans.factory.support.AbstractBeanFactory.doGetBean(AbstractBeanFactory.java:331)
	at org.springframework.beans.factory.support.AbstractBeanFactory.getBean(AbstractBeanFactory.java:196)
	at org.springframework.beans.factory.support.DefaultListableBeanFactory.instantiateSingleton(DefaultListableBeanFactory.java:1218)
	at org.springframework.beans.factory.support.DefaultListableBeanFactory.preInstantiateSingleton(DefaultListableBeanFactory.java:1184)
	at org.springframework.beans.factory.support.DefaultListableBeanFactory.preInstantiateSingletons(DefaultListableBeanFactory.java:1121)
	at org.springframework.context.support.AbstractApplicationContext.finishBeanFactoryInitialization(AbstractApplicationContext.java:994)
	at org.springframework.context.support.AbstractApplicationContext.refresh(AbstractApplicationContext.java:621)
	at org.springframework.boot.web.server.servlet.context.ServletWebServerApplicationContext.refresh(ServletWebServerApplicationContext.java:143)
	at org.springframework.boot.SpringApplication.refresh(SpringApplication.java:756)
	at org.springframework.boot.SpringApplication.refreshContext(SpringApplication.java:445)
	at org.springframework.boot.SpringApplication.run(SpringApplication.java:321)
	at org.springframework.boot.SpringApplication.run(SpringApplication.java:1365)
	at org.springframework.boot.SpringApplication.run(SpringApplication.java:1354)
	at com.Nexus_Fashion.venta_service.VentaServiceApplication.main(VentaServiceApplication.java:10)
	at java.base/jdk.internal.reflect.DirectMethodHandleAccessor.invoke(DirectMethodHandleAccessor.java:103)
	at java.base/java.lang.reflect.Method.invoke(Method.java:580)
	at org.springframework.boot.devtools.restart.RestartLauncher.run(RestartLauncher.java:52)
Caused by: org.springframework.beans.factory.UnsatisfiedDependencyException: Error creating bean with name 'collectionModelContentConverter' defined in class path resource [org/springdoc/core/configuration/SpringDocHateoasConfiguration.class]: Unsatisfied dependency expressed through method 'collectionModelContentConverter' parameter 0: Error creating bean with name 'halProvider' defined in class path resource [org/springdoc/core/configuration/SpringDocDataRestConfiguration.class]: Unexpected exception during bean creation
	at org.springframework.beans.factory.support.ConstructorResolver.createArgumentArray(ConstructorResolver.java:804)
	at org.springframework.beans.factory.support.ConstructorResolver.instantiateUsingFactoryMethod(ConstructorResolver.java:546)
	at org.springframework.beans.factory.support.AbstractAutowireCapableBeanFactory.instantiateUsingFactoryMethod(AbstractAutowireCapableBeanFactory.java:1362)
	at org.springframework.beans.factory.support.AbstractAutowireCapableBeanFactory.createBeanInstance(AbstractAutowireCapableBeanFactory.java:1194)
	at org.springframework.beans.factory.support.AbstractAutowireCapableBeanFactory.doCreateBean(AbstractAutowireCapableBeanFactory.java:565)
	at org.springframework.beans.factory.support.AbstractAutowireCapableBeanFactory.createBean(AbstractAutowireCapableBeanFactory.java:525)
	at org.springframework.beans.factory.support.AbstractBeanFactory.lambda$doGetBean$0(AbstractBeanFactory.java:333)
	at org.springframework.beans.factory.support.DefaultSingletonBeanRegistry.getSingleton(DefaultSingletonBeanRegistry.java:371)
	at org.springframework.beans.factory.support.AbstractBeanFactory.doGetBean(AbstractBeanFactory.java:331)
	at org.springframework.beans.factory.support.AbstractBeanFactory.getBean(AbstractBeanFactory.java:201)
	at org.springframework.beans.factory.config.DependencyDescriptor.resolveCandidate(DependencyDescriptor.java:229)
	at org.springframework.beans.factory.support.DefaultListableBeanFactory.addCandidateEntry(DefaultListableBeanFactory.java:2008)
	at org.springframework.beans.factory.support.DefaultListableBeanFactory.findAutowireCandidates(DefaultListableBeanFactory.java:1971)
	at org.springframework.beans.factory.support.DefaultListableBeanFactory.resolveMultipleBeanCollection(DefaultListableBeanFactory.java:1863)
	at org.springframework.beans.factory.support.DefaultListableBeanFactory.resolveMultipleBeans(DefaultListableBeanFactory.java:1833)
	at org.springframework.beans.factory.support.DefaultListableBeanFactory.doResolveDependency(DefaultListableBeanFactory.java:1711)
	at org.springframework.beans.factory.support.DefaultListableBeanFactory.createOptionalDependency(DefaultListableBeanFactory.java:2351)
	at org.springframework.beans.factory.support.DefaultListableBeanFactory.resolveDependency(DefaultListableBeanFactory.java:1635)
	at org.springframework.beans.factory.support.ConstructorResolver.resolveAutowiredArgument(ConstructorResolver.java:912)
	at org.springframework.beans.factory.support.ConstructorResolver.createArgumentArray(ConstructorResolver.java:791)
	... 24 common frames omitted
Caused by: org.springframework.beans.factory.BeanCreationException: Error creating bean with name 'halProvider' defined in class path resource [org/springdoc/core/configuration/SpringDocDataRestConfiguration.class]: Unexpected exception during bean creation
	at org.springframework.beans.factory.support.AbstractAutowireCapableBeanFactory.createBean(AbstractAutowireCapableBeanFactory.java:538)
	at org.springframework.beans.factory.support.AbstractBeanFactory.lambda$doGetBean$0(AbstractBeanFactory.java:333)
	at org.springframework.beans.factory.support.DefaultSingletonBeanRegistry.getSingleton(DefaultSingletonBeanRegistry.java:371)
	at org.springframework.beans.factory.support.AbstractBeanFactory.doGetBean(AbstractBeanFactory.java:331)
	at org.springframework.beans.factory.support.AbstractBeanFactory.getBean(AbstractBeanFactory.java:201)
	at org.springframework.beans.factory.support.DefaultListableBeanFactory.resolveBean(DefaultListableBeanFactory.java:1225)
	at org.springframework.beans.factory.support.DefaultListableBeanFactory.doResolveDependency(DefaultListableBeanFactory.java:1704)
	at org.springframework.beans.factory.support.DefaultListableBeanFactory.resolveDependency(DefaultListableBeanFactory.java:1651)
	at org.springframework.beans.factory.support.ConstructorResolver.resolveAutowiredArgument(ConstructorResolver.java:912)
	at org.springframework.beans.factory.support.ConstructorResolver.createArgumentArray(ConstructorResolver.java:791)
	... 43 common frames omitted
Caused by: java.lang.TypeNotPresentException: Type org.springframework.boot.autoconfigure.hateoas.HateoasProperties not present
	at java.base/sun.reflect.generics.factory.CoreReflectionFactory.makeNamedType(CoreReflectionFactory.java:117)
	at java.base/sun.reflect.generics.visitor.Reifier.visitClassTypeSignature(Reifier.java:125)
	at java.base/sun.reflect.generics.tree.ClassTypeSignature.accept(ClassTypeSignature.java:49)
	at java.base/sun.reflect.generics.visitor.Reifier.reifyTypeArguments(Reifier.java:68)
	at java.base/sun.reflect.generics.visitor.Reifier.visitClassTypeSignature(Reifier.java:138)
	at java.base/sun.reflect.generics.tree.ClassTypeSignature.accept(ClassTypeSignature.java:49)
	at java.base/sun.reflect.generics.repository.ConstructorRepository.computeParameterTypes(ConstructorRepository.java:111)
	at java.base/sun.reflect.generics.repository.ConstructorRepository.getParameterTypes(ConstructorRepository.java:87)
	at java.base/java.lang.reflect.Executable.getGenericParameterTypes(Executable.java:333)
	at java.base/java.lang.reflect.Method.getGenericParameterTypes(Method.java:337)
	at org.springframework.core.MethodParameter.getGenericParameterType(MethodParameter.java:499)
	at org.springframework.core.MethodParameter.getNestedParameterType(MethodParameter.java:539)
	at org.springframework.beans.factory.config.DependencyDescriptor.getDependencyType(DependencyDescriptor.java:357)
	at org.springframework.beans.factory.support.DefaultListableBeanFactory.doResolveDependency(DefaultListableBeanFactory.java:1666)
	at org.springframework.beans.factory.support.DefaultListableBeanFactory.createOptionalDependency(DefaultListableBeanFactory.java:2351)
	at org.springframework.beans.factory.support.DefaultListableBeanFactory.resolveDependency(DefaultListableBeanFactory.java:1635)
	at org.springframework.beans.factory.support.ConstructorResolver.resolveAutowiredArgument(ConstructorResolver.java:912)
	at org.springframework.beans.factory.support.ConstructorResolver.createArgumentArray(ConstructorResolver.java:791)
	at org.springframework.beans.factory.support.ConstructorResolver.instantiateUsingFactoryMethod(ConstructorResolver.java:546)
	at org.springframework.beans.factory.support.AbstractAutowireCapableBeanFactory.instantiateUsingFactoryMethod(AbstractAutowireCapableBeanFactory.java:1362)
	at org.springframework.beans.factory.support.AbstractAutowireCapableBeanFactory.createBeanInstance(AbstractAutowireCapableBeanFactory.java:1194)
	at org.springframework.beans.factory.support.AbstractAutowireCapableBeanFactory.doCreateBean(AbstractAutowireCapableBeanFactory.java:565)
	at org.springframework.beans.factory.support.AbstractAutowireCapableBeanFactory.createBean(AbstractAutowireCapableBeanFactory.java:525)
	... 52 common frames omitted
Caused by: java.lang.ClassNotFoundException: org.springframework.boot.autoconfigure.hateoas.HateoasProperties
	at java.base/jdk.internal.loader.BuiltinClassLoader.loadClass(BuiltinClassLoader.java:641)
	at java.base/jdk.internal.loader.ClassLoaders$AppClassLoader.loadClass(ClassLoaders.java:188)
	at java.base/java.lang.ClassLoader.loadClass(ClassLoader.java:526)
	at java.base/java.lang.Class.forName0(Native Method)
	at java.base/java.lang.Class.forName(Class.java:536)
	at java.base/java.lang.Class.forName(Class.java:515)
	at java.base/sun.reflect.generics.factory.CoreReflectionFactory.makeNamedType(CoreReflectionFactory.java:114)
	... 74 common frames omitted
21:48:44 INFO  Starting VentaServiceApplication using Java 21.0.10 with PID 17444 (C:\Users\vicen\OneDrive\Escritorio\Nexus-fashion - final\venta-service\target\classes started by vicen in C:\Users\vicen\OneDrive\Escritorio\Nexus-fashion - final\venta-service)
21:48:44 INFO  No active profile set, falling back to 1 default profile: "default"
21:48:45 INFO  Devtools property defaults active! Set 'spring.devtools.add-properties' to 'false' to disable
21:48:45 INFO  For additional web related logging consider setting the 'logging.level.web' property to 'DEBUG'
21:48:46 INFO  Bootstrapping Spring Data JPA repositories in DEFAULT mode.
21:48:46 INFO  Finished Spring Data repository scanning in 176 ms. Found 1 JPA repository interface.
21:48:47 INFO  Tomcat initialized with port 9094 (http)
21:48:47 INFO  Starting service [Tomcat]
21:48:47 INFO  Starting Servlet engine: [Apache Tomcat/11.0.21]
21:48:47 INFO  Root WebApplicationContext: initialization completed in 2620 ms
21:48:47 INFO  HikariPool-1 - Starting...
21:48:48 INFO  HikariPool-1 - Added connection com.mysql.cj.jdbc.ConnectionImpl@2f7d46c1
21:48:48 INFO  HikariPool-1 - Start completed.
21:48:48 INFO  HHH008540: Processing PersistenceUnitInfo [name: default]
21:48:48 INFO  HHH000001: Hibernate ORM core version 7.2.12.Final
21:48:48 INFO  No LoadTimeWeaver setup: ignoring JPA class transformer
21:48:49 WARN  HHH000511: The 5.5.5 version for [org.hibernate.dialect.MySQLDialect] is no longer supported, hence certain features may not work properly.The minimum supported version is 8.0.0. Check the community dialects project for available legacy versions.
21:48:49 INFO  HHH10001005: Database info:
	Database JDBC URL [jdbc:mysql://localhost:3306/bd_venta?createDatabaseIfNotExist=true]
	Database driver: MySQL Connector/J
	Database dialect: MySQLDialect
	Database version: 5.5.5
	Default catalog/schema: bd_venta/undefined
	Autocommit mode: undefined/unknown
	Isolation level: REPEATABLE_READ [default REPEATABLE_READ]
	JDBC fetch size: none
	Pool: DataSourceConnectionProvider
	Minimum pool size: undefined/unknown
	Maximum pool size: undefined/unknown
21:48:50 INFO  HHH000489: No JTA platform available (set 'hibernate.transaction.jta.platform' to enable JTA platform integration)
21:48:50 INFO  Initialized JPA EntityManagerFactory for persistence unit 'default'
21:48:50 INFO  Hibernate is in classpath; If applicable, HQL parser will be used.
21:48:53 INFO  Reading from bd_venta.databasechangelog
21:48:53 INFO  Database is up to date, no changesets to execute
21:48:53 INFO  Reading from bd_venta.databasechangelog
21:48:53 INFO  UPDATE SUMMARY
21:48:53 INFO  Run:                          0
21:48:53 INFO  Previously run:               6
21:48:53 INFO  Filtered out:                 0
21:48:53 INFO  -------------------------------
21:48:53 INFO  Total change sets:            6
21:48:53 INFO  Update summary generated
21:48:53 INFO  Command execution complete
21:48:53 WARN  spring.jpa.open-in-view is enabled by default. Therefore, database queries may be performed during view rendering. Explicitly configure spring.jpa.open-in-view to disable this warning
21:48:54 INFO  Exposing 1 endpoint beneath base path '/actuator'
21:48:55 INFO  Tomcat started on port 9094 (http) with context path '/'
21:48:55 INFO  Started VentaServiceApplication in 10.769 seconds (process running for 11.725)
21:50:05 INFO  Initializing Spring DispatcherServlet 'dispatcherServlet'
21:50:05 INFO  Initializing Servlet 'dispatcherServlet'
21:50:05 INFO  Completed initialization in 2 ms
21:50:07 INFO  Init duration for springdoc-openapi is: 849 ms
