00:49:21 INFO  Starting CompraServiceApplication using Java 21.0.10 with PID 8340 (C:\Nexux-Fashion-Final-Examen\compra-service\target\classes started by luisa in C:\Nexux-Fashion-Final-Examen\compra-service)
00:49:22 INFO  No active profile set, falling back to 1 default profile: "default"
00:49:27 INFO  Devtools property defaults active! Set 'spring.devtools.add-properties' to 'false' to disable
00:49:27 INFO  For additional web related logging consider setting the 'logging.level.web' property to 'DEBUG'
00:49:47 INFO  Bootstrapping Spring Data JPA repositories in DEFAULT mode.
00:49:47 INFO  Finished Spring Data repository scanning in 374 ms. Found 1 JPA repository interface.
00:49:50 INFO  Tomcat initialized with port 9092 (http)
00:49:50 INFO  Starting service [Tomcat]
00:49:50 INFO  Starting Servlet engine: [Apache Tomcat/11.0.21]
00:49:50 INFO  Root WebApplicationContext: initialization completed in 22528 ms
00:49:51 INFO  HikariPool-1 - Starting...
00:49:52 INFO  HikariPool-1 - Added connection com.mysql.cj.jdbc.ConnectionImpl@434f0524
00:49:52 INFO  HikariPool-1 - Start completed.
00:50:00 INFO  Reading from bd_compra.databasechangelog
00:50:00 INFO  Database is up to date, no changesets to execute
00:50:00 INFO  Reading from bd_compra.databasechangelog
00:50:00 INFO  UPDATE SUMMARY
00:50:00 INFO  Run:                          0
00:50:00 INFO  Previously run:               3
00:50:00 INFO  Filtered out:                 0
00:50:00 INFO  -------------------------------
00:50:00 INFO  Total change sets:            3
00:50:00 INFO  Update summary generated
00:50:00 INFO  Command execution complete
00:50:01 INFO  HHH008540: Processing PersistenceUnitInfo [name: default]
00:50:01 INFO  HHH000001: Hibernate ORM core version 7.2.12.Final
00:50:04 INFO  No LoadTimeWeaver setup: ignoring JPA class transformer
00:50:04 WARN  HHH000511: The 5.5.5 version for [org.hibernate.dialect.MySQLDialect] is no longer supported, hence certain features may not work properly.The minimum supported version is 8.0.0. Check the community dialects project for available legacy versions.
00:50:04 INFO  HHH10001005: Database info:
	Database JDBC URL [jdbc:mysql://localhost:3306/bd_compra?createDatabaseIfNotExist=true]
	Database driver: MySQL Connector/J
	Database dialect: MySQLDialect
	Database version: 5.5.5
	Default catalog/schema: bd_compra/undefined
	Autocommit mode: undefined/unknown
	Isolation level: REPEATABLE_READ [default REPEATABLE_READ]
	JDBC fetch size: none
	Pool: DataSourceConnectionProvider
	Minimum pool size: undefined/unknown
	Maximum pool size: undefined/unknown
00:50:08 INFO  HHH000489: No JTA platform available (set 'hibernate.transaction.jta.platform' to enable JTA platform integration)
00:50:08 INFO  Initialized JPA EntityManagerFactory for persistence unit 'default'
00:50:09 INFO  Hibernate is in classpath; If applicable, HQL parser will be used.
00:50:11 WARN  spring.jpa.open-in-view is enabled by default. Therefore, database queries may be performed during view rendering. Explicitly configure spring.jpa.open-in-view to disable this warning
00:50:14 INFO  Tomcat started on port 9092 (http) with context path '/'
00:50:14 INFO  Started CompraServiceApplication in 83.433 seconds (process running for 90.074)
00:51:00 INFO  Initializing Spring DispatcherServlet 'dispatcherServlet'
00:51:00 INFO  Initializing Servlet 'dispatcherServlet'
00:51:00 INFO  Completed initialization in 9 ms
00:51:00 INFO  GET /compras/7/exists - Validación externa de compra solicitada
00:51:00 INFO  Validando existencia de compra con ID=7
00:51:03 INFO  Compra ID=7 existe y está validada
00:51:03 INFO  GET /compras/7/exists - Resultado: La compra existe
00:51:54 INFO  GET /compras/7/exists - Validación externa de compra solicitada
00:51:54 INFO  Validando existencia de compra con ID=7
00:51:54 INFO  Compra ID=7 existe y está validada
00:51:54 INFO  GET /compras/7/exists - Resultado: La compra existe
00:52:06 INFO  Commencing graceful shutdown. Waiting for active requests to complete
00:52:06 INFO  Graceful shutdown complete
00:52:06 INFO  Closing JPA EntityManagerFactory for persistence unit 'default'
00:52:06 INFO  HikariPool-1 - Shutdown initiated...
00:52:06 INFO  HikariPool-1 - Shutdown completed.
