00:02:37 INFO  Starting ClienteServiceApplication using Java 21.0.10 with PID 2008 (C:\Nexux-Fashion-Final-Examen\cliente-service\target\classes started by luisa in C:\Nexux-Fashion-Final-Examen\cliente-service)
00:02:37 INFO  No active profile set, falling back to 1 default profile: "default"
00:02:37 INFO  Devtools property defaults active! Set 'spring.devtools.add-properties' to 'false' to disable
00:02:37 INFO  For additional web related logging consider setting the 'logging.level.web' property to 'DEBUG'
00:02:40 INFO  Bootstrapping Spring Data JPA repositories in DEFAULT mode.
00:02:41 INFO  Finished Spring Data repository scanning in 271 ms. Found 1 JPA repository interface.
00:02:42 INFO  Tomcat initialized with port 9091 (http)
00:02:42 INFO  Starting service [Tomcat]
00:02:42 INFO  Starting Servlet engine: [Apache Tomcat/11.0.21]
00:02:43 INFO  Root WebApplicationContext: initialization completed in 5113 ms
00:02:43 INFO  HHH008540: Processing PersistenceUnitInfo [name: default]
00:02:43 INFO  HHH000001: Hibernate ORM core version 7.2.12.Final
00:02:45 INFO  No LoadTimeWeaver setup: ignoring JPA class transformer
00:02:45 INFO  HikariPool-1 - Starting...
00:02:46 INFO  HikariPool-1 - Added connection com.mysql.cj.jdbc.ConnectionImpl@59b56fa1
00:02:46 INFO  HikariPool-1 - Start completed.
00:02:46 WARN  HHH000511: The 5.5.5 version for [org.hibernate.dialect.MySQLDialect] is no longer supported, hence certain features may not work properly.The minimum supported version is 8.0.0. Check the community dialects project for available legacy versions.
00:02:46 INFO  HHH10001005: Database info:
	Database JDBC URL [jdbc:mysql://localhost:3306/bd_cliente?createDatabaseIfNotExist=true]
	Database driver: MySQL Connector/J
	Database dialect: MySQLDialect
	Database version: 5.5.5
	Default catalog/schema: bd_cliente/undefined
	Autocommit mode: undefined/unknown
	Isolation level: REPEATABLE_READ [default REPEATABLE_READ]
	JDBC fetch size: none
	Pool: DataSourceConnectionProvider
	Minimum pool size: undefined/unknown
	Maximum pool size: undefined/unknown
00:02:48 INFO  HHH000489: No JTA platform available (set 'hibernate.transaction.jta.platform' to enable JTA platform integration)
00:02:48 INFO  Initialized JPA EntityManagerFactory for persistence unit 'default'
00:02:48 INFO  Hibernate is in classpath; If applicable, HQL parser will be used.
00:02:52 INFO  Creating database changelog table with name: bd_cliente.databasechangelog
00:02:52 INFO  Reading from bd_cliente.databasechangelog
00:02:52 INFO  Creating snapshot
00:02:52 INFO  Name 'PK_DATABASECHANGELOGLOCK' ignored for PRIMARY key.
00:02:52 INFO  Successfully acquired change log lock
00:02:52 INFO  Using deploymentId: 1928169211
00:02:52 INFO  Reading from bd_cliente.databasechangelog
00:02:52 INFO  Running Changeset: db/changelog/db.changelog.sql::1::autor
00:02:52 INFO  Custom SQL executed
00:02:52 INFO  ChangeSet db/changelog/db.changelog.sql::1::autor ran successfully in 73ms
00:02:52 INFO  Running Changeset: db/changelog/db.changelog.sql::2::autor
00:02:52 INFO  Custom SQL executed
00:02:52 INFO  ChangeSet db/changelog/db.changelog.sql::2::autor ran successfully in 25ms
00:02:52 INFO  Running Changeset: db/changelog/db.changelog.sql::3::autor
00:02:52 INFO  Custom SQL executed
00:02:52 INFO  ChangeSet db/changelog/db.changelog.sql::3::autor ran successfully in 66ms
00:02:52 INFO  Running Changeset: db/changelog/db.changelog.sql::4::autor
00:02:53 INFO  Custom SQL executed
00:02:53 INFO  ChangeSet db/changelog/db.changelog.sql::4::autor ran successfully in 34ms
00:02:53 INFO  UPDATE SUMMARY
00:02:53 INFO  Run:                          4
00:02:53 INFO  Previously run:               0
00:02:53 INFO  Filtered out:                 0
00:02:53 INFO  -------------------------------
00:02:53 INFO  Total change sets:            4
00:02:53 INFO  Update summary generated
00:02:53 INFO  Update command completed successfully.
00:02:53 INFO  Liquibase: Update has been successful. Rows affected: 14
00:02:53 INFO  Successfully released change log lock
00:02:53 INFO  Command execution complete
00:02:53 WARN  spring.jpa.open-in-view is enabled by default. Therefore, database queries may be performed during view rendering. Explicitly configure spring.jpa.open-in-view to disable this warning
00:02:55 INFO  Exposing 1 endpoint beneath base path '/actuator'
00:02:55 INFO  Tomcat started on port 9091 (http) with context path '/'
00:02:55 INFO  Started ClienteServiceApplication in 19.692 seconds (process running for 21.709)
00:13:12 INFO  Commencing graceful shutdown. Waiting for active requests to complete
00:13:12 INFO  Graceful shutdown complete
00:13:12 INFO  Closing JPA EntityManagerFactory for persistence unit 'default'
00:13:12 INFO  HikariPool-1 - Shutdown initiated...
00:13:12 INFO  HikariPool-1 - Shutdown completed.
02:09:04 INFO  Starting ClienteServiceApplication using Java 21.0.10 with PID 17016 (C:\Nexux-Fashion-Final-Examen\cliente-service\target\classes started by luisa in C:\Nexux-Fashion-Final-Examen\cliente-service)
02:09:04 INFO  No active profile set, falling back to 1 default profile: "default"
02:09:04 INFO  Devtools property defaults active! Set 'spring.devtools.add-properties' to 'false' to disable
02:09:04 INFO  For additional web related logging consider setting the 'logging.level.web' property to 'DEBUG'
02:09:07 INFO  Bootstrapping Spring Data JPA repositories in DEFAULT mode.
02:09:07 INFO  Finished Spring Data repository scanning in 258 ms. Found 1 JPA repository interface.
02:09:09 INFO  Tomcat initialized with port 9091 (http)
02:09:09 INFO  Starting service [Tomcat]
02:09:09 INFO  Starting Servlet engine: [Apache Tomcat/11.0.21]
02:09:09 INFO  Root WebApplicationContext: initialization completed in 4585 ms
02:09:09 INFO  HHH008540: Processing PersistenceUnitInfo [name: default]
02:09:09 INFO  HHH000001: Hibernate ORM core version 7.2.12.Final
02:09:10 INFO  No LoadTimeWeaver setup: ignoring JPA class transformer
02:09:11 INFO  HikariPool-1 - Starting...
02:09:12 WARN  HHH000247: ErrorCode: 0, SQLState: 08S01
02:09:12 WARN  Communications link failure

The last packet sent successfully to the server was 0 milliseconds ago. The driver has not received any packets from the server.
02:09:12 WARN  HHH100046: Could not obtain connection to query JDBC database metadata
org.hibernate.exception.JDBCConnectionException: Unable to obtain isolated JDBC connection [Communications link failure

The last packet sent successfully to the server was 0 milliseconds ago. The driver has not received any packets from the server.] [n/a]
	at org.hibernate.exception.internal.SQLStateConversionDelegate.convert(SQLStateConversionDelegate.java:80)
	at org.hibernate.exception.internal.StandardSQLExceptionConverter.convert(StandardSQLExceptionConverter.java:34)
	at org.hibernate.engine.jdbc.spi.SqlExceptionHelper.convert(SqlExceptionHelper.java:115)
	at org.hibernate.engine.jdbc.spi.SqlExceptionHelper.convert(SqlExceptionHelper.java:101)
	at org.hibernate.resource.transaction.backend.jdbc.internal.JdbcIsolationDelegate.delegateWork(JdbcIsolationDelegate.java:51)
	at org.hibernate.engine.jdbc.env.internal.JdbcEnvironmentInitiator.getJdbcEnvironmentUsingJdbcMetadata(JdbcEnvironmentInitiator.java:366)
	at org.hibernate.engine.jdbc.env.internal.JdbcEnvironmentInitiator.getJdbcEnvironment(JdbcEnvironmentInitiator.java:143)
	at org.hibernate.engine.jdbc.env.internal.JdbcEnvironmentInitiator.initiateService(JdbcEnvironmentInitiator.java:120)
	at org.hibernate.engine.jdbc.env.internal.JdbcEnvironmentInitiator.initiateService(JdbcEnvironmentInitiator.java:80)
	at org.hibernate.boot.registry.internal.StandardServiceRegistryImpl.initiateService(StandardServiceRegistryImpl.java:133)
	at org.hibernate.service.internal.AbstractServiceRegistryImpl.createService(AbstractServiceRegistryImpl.java:260)
	at org.hibernate.service.internal.AbstractServiceRegistryImpl.initializeService(AbstractServiceRegistryImpl.java:235)
	at org.hibernate.service.internal.AbstractServiceRegistryImpl.getService(AbstractServiceRegistryImpl.java:212)
	at org.hibernate.boot.model.relational.Database.<init>(Database.java:44)
	at org.hibernate.boot.internal.InFlightMetadataCollectorImpl.getDatabase(InFlightMetadataCollectorImpl.java:251)
	at org.hibernate.boot.internal.InFlightMetadataCollectorImpl.<init>(InFlightMetadataCollectorImpl.java:203)
	at org.hibernate.boot.model.process.spi.MetadataBuildingProcess.complete(MetadataBuildingProcess.java:172)
	at org.hibernate.jpa.boot.internal.EntityManagerFactoryBuilderImpl.metadata(EntityManagerFactoryBuilderImpl.java:1392)
	at org.hibernate.jpa.boot.internal.EntityManagerFactoryBuilderImpl.populateSessionFactoryBuilder(EntityManagerFactoryBuilderImpl.java:1472)
	at org.hibernate.jpa.boot.internal.EntityManagerFactoryBuilderImpl.build(EntityManagerFactoryBuilderImpl.java:1454)
	at org.springframework.orm.jpa.vendor.SpringHibernateJpaPersistenceProvider.createContainerEntityManagerFactory(SpringHibernateJpaPersistenceProvider.java:93)
	at org.springframework.orm.jpa.LocalContainerEntityManagerFactoryBean.createNativeEntityManagerFactory(LocalContainerEntityManagerFactoryBean.java:443)
	at org.springframework.orm.jpa.AbstractEntityManagerFactoryBean.buildNativeEntityManagerFactory(AbstractEntityManagerFactoryBean.java:436)
	at org.springframework.orm.jpa.AbstractEntityManagerFactoryBean.afterPropertiesSet(AbstractEntityManagerFactoryBean.java:411)
	at org.springframework.orm.jpa.LocalContainerEntityManagerFactoryBean.afterPropertiesSet(LocalContainerEntityManagerFactoryBean.java:419)
	at org.springframework.beans.factory.support.AbstractAutowireCapableBeanFactory.invokeInitMethods(AbstractAutowireCapableBeanFactory.java:1864)
	at org.springframework.beans.factory.support.AbstractAutowireCapableBeanFactory.initializeBean(AbstractAutowireCapableBeanFactory.java:1813)
	at org.springframework.beans.factory.support.AbstractAutowireCapableBeanFactory.doCreateBean(AbstractAutowireCapableBeanFactory.java:603)
	at org.springframework.beans.factory.support.AbstractAutowireCapableBeanFactory.createBean(AbstractAutowireCapableBeanFactory.java:525)
	at org.springframework.beans.factory.support.AbstractBeanFactory.lambda$doGetBean$0(AbstractBeanFactory.java:333)
	at org.springframework.beans.factory.support.DefaultSingletonBeanRegistry.getSingleton(DefaultSingletonBeanRegistry.java:371)
	at org.springframework.beans.factory.support.AbstractBeanFactory.doGetBean(AbstractBeanFactory.java:331)
	at org.springframework.beans.factory.support.AbstractBeanFactory.getBean(AbstractBeanFactory.java:201)
	at org.springframework.context.support.AbstractApplicationContext.finishBeanFactoryInitialization(AbstractApplicationContext.java:977)
	at org.springframework.context.support.AbstractApplicationContext.refresh(AbstractApplicationContext.java:621)
	at org.springframework.boot.web.server.servlet.context.ServletWebServerApplicationContext.refresh(ServletWebServerApplicationContext.java:143)
	at org.springframework.boot.SpringApplication.refresh(SpringApplication.java:756)
	at org.springframework.boot.SpringApplication.refreshContext(SpringApplication.java:445)
	at org.springframework.boot.SpringApplication.run(SpringApplication.java:321)
	at org.springframework.boot.SpringApplication.run(SpringApplication.java:1365)
	at org.springframework.boot.SpringApplication.run(SpringApplication.java:1354)
	at com.Nexus_Fashion.cliente_service.ClienteServiceApplication.main(ClienteServiceApplication.java:10)
	at java.base/jdk.internal.reflect.DirectMethodHandleAccessor.invoke(DirectMethodHandleAccessor.java:103)
	at java.base/java.lang.reflect.Method.invoke(Method.java:580)
	at org.springframework.boot.devtools.restart.RestartLauncher.run(RestartLauncher.java:52)
Caused by: com.mysql.cj.jdbc.exceptions.CommunicationsException: Communications link failure

The last packet sent successfully to the server was 0 milliseconds ago. The driver has not received any packets from the server.
	at com.mysql.cj.jdbc.exceptions.SQLError.createCommunicationsException(SQLError.java:165)
	at com.mysql.cj.jdbc.exceptions.SQLExceptionsMapping.translateException(SQLExceptionsMapping.java:55)
	at com.mysql.cj.jdbc.ConnectionImpl.createNewIO(ConnectionImpl.java:840)
	at com.mysql.cj.jdbc.ConnectionImpl.<init>(ConnectionImpl.java:416)
	at com.mysql.cj.jdbc.ConnectionImpl.getInstance(ConnectionImpl.java:237)
	at com.mysql.cj.jdbc.NonRegisteringDriver.connect(NonRegisteringDriver.java:180)
	at com.zaxxer.hikari.util.DriverDataSource.getConnection(DriverDataSource.java:144)
	at com.zaxxer.hikari.pool.PoolBase.newConnection(PoolBase.java:373)
	at com.zaxxer.hikari.pool.PoolBase.newPoolEntry(PoolBase.java:210)
	at com.zaxxer.hikari.pool.HikariPool.createPoolEntry(HikariPool.java:488)
	at com.zaxxer.hikari.pool.HikariPool.checkFailFast(HikariPool.java:576)
	at com.zaxxer.hikari.pool.HikariPool.<init>(HikariPool.java:97)
	at com.zaxxer.hikari.HikariDataSource.getConnection(HikariDataSource.java:111)
	at org.hibernate.engine.jdbc.connections.internal.DataSourceConnectionProvider.getConnection(DataSourceConnectionProvider.java:137)
	at org.hibernate.engine.jdbc.env.internal.JdbcEnvironmentInitiator$ConnectionProviderJdbcConnectionAccess.obtainConnection(JdbcEnvironmentInitiator.java:508)
	at org.hibernate.resource.transaction.backend.jdbc.internal.JdbcIsolationDelegate.delegateWork(JdbcIsolationDelegate.java:48)
	... 40 common frames omitted
Caused by: com.mysql.cj.exceptions.CJCommunicationsException: Communications link failure

The last packet sent successfully to the server was 0 milliseconds ago. The driver has not received any packets from the server.
	at java.base/jdk.internal.reflect.DirectConstructorHandleAccessor.newInstance(DirectConstructorHandleAccessor.java:62)
	at java.base/java.lang.reflect.Constructor.newInstanceWithCaller(Constructor.java:502)
	at java.base/java.lang.reflect.Constructor.newInstance(Constructor.java:486)
	at com.mysql.cj.exceptions.ExceptionFactory.createException(ExceptionFactory.java:52)
	at com.mysql.cj.exceptions.ExceptionFactory.createException(ExceptionFactory.java:95)
	at com.mysql.cj.exceptions.ExceptionFactory.createException(ExceptionFactory.java:140)
	at com.mysql.cj.exceptions.ExceptionFactory.createCommunicationsException(ExceptionFactory.java:156)
	at com.mysql.cj.protocol.a.NativeSocketConnection.connect(NativeSocketConnection.java:79)
	at com.mysql.cj.NativeSession.connect(NativeSession.java:142)
	at com.mysql.cj.jdbc.ConnectionImpl.connectOneTryOnly(ConnectionImpl.java:964)
	at com.mysql.cj.jdbc.ConnectionImpl.createNewIO(ConnectionImpl.java:828)
	... 53 common frames omitted
Caused by: java.net.UnknownHostException: Host desconocido (host.docker.internal)
	at java.base/java.net.Inet6AddressImpl.lookupAllHostAddr(Native Method)
	at java.base/java.net.Inet6AddressImpl.lookupAllHostAddr(Inet6AddressImpl.java:52)
	at java.base/java.net.InetAddress$PlatformResolver.lookupByName(InetAddress.java:1211)
	at java.base/java.net.InetAddress.getAddressesFromNameService(InetAddress.java:1828)
	at java.base/java.net.InetAddress$NameServiceAddresses.get(InetAddress.java:1139)
	at java.base/java.net.InetAddress.getAllByName0(InetAddress.java:1818)
	at java.base/java.net.InetAddress.getAllByName(InetAddress.java:1688)
	at com.mysql.cj.protocol.StandardSocketFactory.connect(StandardSocketFactory.java:121)
	at com.mysql.cj.protocol.a.NativeSocketConnection.connect(NativeSocketConnection.java:53)
	... 56 common frames omitted
02:09:12 ERROR Failed to initialize JPA EntityManagerFactory: Unable to create requested service [org.hibernate.engine.jdbc.env.spi.JdbcEnvironment] due to: Unable to determine Dialect without JDBC metadata (please set 'jakarta.persistence.jdbc.url' for common cases or 'hibernate.dialect' when a custom Dialect implementation must be provided)
02:09:12 WARN  Exception encountered during context initialization - cancelling refresh attempt: org.springframework.beans.factory.BeanCreationException: Error creating bean with name 'entityManagerFactory' defined in class path resource [org/springframework/boot/hibernate/autoconfigure/HibernateJpaConfiguration.class]: Unable to create requested service [org.hibernate.engine.jdbc.env.spi.JdbcEnvironment] due to: Unable to determine Dialect without JDBC metadata (please set 'jakarta.persistence.jdbc.url' for common cases or 'hibernate.dialect' when a custom Dialect implementation must be provided)
02:09:12 INFO  Stopping service [Tomcat]
02:09:12 INFO  

Error starting ApplicationContext. To display the condition evaluation report re-run your application with 'debug' enabled.
02:09:12 ERROR Application run failed
org.springframework.beans.factory.BeanCreationException: Error creating bean with name 'entityManagerFactory' defined in class path resource [org/springframework/boot/hibernate/autoconfigure/HibernateJpaConfiguration.class]: Unable to create requested service [org.hibernate.engine.jdbc.env.spi.JdbcEnvironment] due to: Unable to determine Dialect without JDBC metadata (please set 'jakarta.persistence.jdbc.url' for common cases or 'hibernate.dialect' when a custom Dialect implementation must be provided)
	at org.springframework.beans.factory.support.AbstractAutowireCapableBeanFactory.initializeBean(AbstractAutowireCapableBeanFactory.java:1817)
	at org.springframework.beans.factory.support.AbstractAutowireCapableBeanFactory.doCreateBean(AbstractAutowireCapableBeanFactory.java:603)
	at org.springframework.beans.factory.support.AbstractAutowireCapableBeanFactory.createBean(AbstractAutowireCapableBeanFactory.java:525)
	at org.springframework.beans.factory.support.AbstractBeanFactory.lambda$doGetBean$0(AbstractBeanFactory.java:333)
	at org.springframework.beans.factory.support.DefaultSingletonBeanRegistry.getSingleton(DefaultSingletonBeanRegistry.java:371)
	at org.springframework.beans.factory.support.AbstractBeanFactory.doGetBean(AbstractBeanFactory.java:331)
	at org.springframework.beans.factory.support.AbstractBeanFactory.getBean(AbstractBeanFactory.java:201)
	at org.springframework.context.support.AbstractApplicationContext.finishBeanFactoryInitialization(AbstractApplicationContext.java:977)
	at org.springframework.context.support.AbstractApplicationContext.refresh(AbstractApplicationContext.java:621)
	at org.springframework.boot.web.server.servlet.context.ServletWebServerApplicationContext.refresh(ServletWebServerApplicationContext.java:143)
	at org.springframework.boot.SpringApplication.refresh(SpringApplication.java:756)
	at org.springframework.boot.SpringApplication.refreshContext(SpringApplication.java:445)
	at org.springframework.boot.SpringApplication.run(SpringApplication.java:321)
	at org.springframework.boot.SpringApplication.run(SpringApplication.java:1365)
	at org.springframework.boot.SpringApplication.run(SpringApplication.java:1354)
	at com.Nexus_Fashion.cliente_service.ClienteServiceApplication.main(ClienteServiceApplication.java:10)
	at java.base/jdk.internal.reflect.DirectMethodHandleAccessor.invoke(DirectMethodHandleAccessor.java:103)
	at java.base/java.lang.reflect.Method.invoke(Method.java:580)
	at org.springframework.boot.devtools.restart.RestartLauncher.run(RestartLauncher.java:52)
Caused by: org.hibernate.service.spi.ServiceException: Unable to create requested service [org.hibernate.engine.jdbc.env.spi.JdbcEnvironment] due to: Unable to determine Dialect without JDBC metadata (please set 'jakarta.persistence.jdbc.url' for common cases or 'hibernate.dialect' when a custom Dialect implementation must be provided)
	at org.hibernate.service.internal.AbstractServiceRegistryImpl.createService(AbstractServiceRegistryImpl.java:273)
	at org.hibernate.service.internal.AbstractServiceRegistryImpl.initializeService(AbstractServiceRegistryImpl.java:235)
	at org.hibernate.service.internal.AbstractServiceRegistryImpl.getService(AbstractServiceRegistryImpl.java:212)
	at org.hibernate.boot.model.relational.Database.<init>(Database.java:44)
	at org.hibernate.boot.internal.InFlightMetadataCollectorImpl.getDatabase(InFlightMetadataCollectorImpl.java:251)
	at org.hibernate.boot.internal.InFlightMetadataCollectorImpl.<init>(InFlightMetadataCollectorImpl.java:203)
	at org.hibernate.boot.model.process.spi.MetadataBuildingProcess.complete(MetadataBuildingProcess.java:172)
	at org.hibernate.jpa.boot.internal.EntityManagerFactoryBuilderImpl.metadata(EntityManagerFactoryBuilderImpl.java:1392)
	at org.hibernate.jpa.boot.internal.EntityManagerFactoryBuilderImpl.populateSessionFactoryBuilder(EntityManagerFactoryBuilderImpl.java:1472)
	at org.hibernate.jpa.boot.internal.EntityManagerFactoryBuilderImpl.build(EntityManagerFactoryBuilderImpl.java:1454)
	at org.springframework.orm.jpa.vendor.SpringHibernateJpaPersistenceProvider.createContainerEntityManagerFactory(SpringHibernateJpaPersistenceProvider.java:93)
	at org.springframework.orm.jpa.LocalContainerEntityManagerFactoryBean.createNativeEntityManagerFactory(LocalContainerEntityManagerFactoryBean.java:443)
	at org.springframework.orm.jpa.AbstractEntityManagerFactoryBean.buildNativeEntityManagerFactory(AbstractEntityManagerFactoryBean.java:436)
	at org.springframework.orm.jpa.AbstractEntityManagerFactoryBean.afterPropertiesSet(AbstractEntityManagerFactoryBean.java:411)
	at org.springframework.orm.jpa.LocalContainerEntityManagerFactoryBean.afterPropertiesSet(LocalContainerEntityManagerFactoryBean.java:419)
	at org.springframework.beans.factory.support.AbstractAutowireCapableBeanFactory.invokeInitMethods(AbstractAutowireCapableBeanFactory.java:1864)
	at org.springframework.beans.factory.support.AbstractAutowireCapableBeanFactory.initializeBean(AbstractAutowireCapableBeanFactory.java:1813)
	... 18 common frames omitted
Caused by: org.hibernate.HibernateException: Unable to determine Dialect without JDBC metadata (please set 'jakarta.persistence.jdbc.url' for common cases or 'hibernate.dialect' when a custom Dialect implementation must be provided)
	at org.hibernate.engine.jdbc.dialect.internal.DialectFactoryImpl.determineDialect(DialectFactoryImpl.java:190)
	at org.hibernate.engine.jdbc.dialect.internal.DialectFactoryImpl.buildDialect(DialectFactoryImpl.java:86)
	at org.hibernate.engine.jdbc.env.internal.JdbcEnvironmentInitiator.getJdbcEnvironmentWithDefaults(JdbcEnvironmentInitiator.java:200)
	at org.hibernate.engine.jdbc.env.internal.JdbcEnvironmentInitiator.getJdbcEnvironmentUsingJdbcMetadata(JdbcEnvironmentInitiator.java:452)
	at org.hibernate.engine.jdbc.env.internal.JdbcEnvironmentInitiator.getJdbcEnvironment(JdbcEnvironmentInitiator.java:143)
	at org.hibernate.engine.jdbc.env.internal.JdbcEnvironmentInitiator.initiateService(JdbcEnvironmentInitiator.java:120)
	at org.hibernate.engine.jdbc.env.internal.JdbcEnvironmentInitiator.initiateService(JdbcEnvironmentInitiator.java:80)
	at org.hibernate.boot.registry.internal.StandardServiceRegistryImpl.initiateService(StandardServiceRegistryImpl.java:133)
	at org.hibernate.service.internal.AbstractServiceRegistryImpl.createService(AbstractServiceRegistryImpl.java:260)
	... 34 common frames omitted
02:11:33 INFO  Starting ClienteServiceApplication using Java 21.0.10 with PID 17948 (C:\Nexux-Fashion-Final-Examen\cliente-service\target\classes started by luisa in C:\Nexux-Fashion-Final-Examen\cliente-service)
02:11:33 INFO  No active profile set, falling back to 1 default profile: "default"
02:11:33 INFO  Devtools property defaults active! Set 'spring.devtools.add-properties' to 'false' to disable
02:11:33 INFO  For additional web related logging consider setting the 'logging.level.web' property to 'DEBUG'
02:11:36 INFO  Bootstrapping Spring Data JPA repositories in DEFAULT mode.
02:11:37 INFO  Finished Spring Data repository scanning in 377 ms. Found 1 JPA repository interface.
02:11:39 INFO  Tomcat initialized with port 9091 (http)
02:11:39 INFO  Starting service [Tomcat]
02:11:39 INFO  Starting Servlet engine: [Apache Tomcat/11.0.21]
02:11:39 INFO  Root WebApplicationContext: initialization completed in 5880 ms
02:11:40 INFO  HHH008540: Processing PersistenceUnitInfo [name: default]
02:11:40 INFO  HHH000001: Hibernate ORM core version 7.2.12.Final
02:11:41 INFO  No LoadTimeWeaver setup: ignoring JPA class transformer
02:11:41 INFO  HikariPool-1 - Starting...
02:11:42 INFO  HikariPool-1 - Added connection com.mysql.cj.jdbc.ConnectionImpl@3aa6251
02:11:42 INFO  HikariPool-1 - Start completed.
02:11:42 WARN  HHH000511: The 5.5.5 version for [org.hibernate.dialect.MySQLDialect] is no longer supported, hence certain features may not work properly.The minimum supported version is 8.0.0. Check the community dialects project for available legacy versions.
02:11:43 INFO  HHH10001005: Database info:
	Database JDBC URL [jdbc:mysql://localhost:3306/bd_scliente?createDatabaseIfNotExist=true]
	Database driver: MySQL Connector/J
	Database dialect: MySQLDialect
	Database version: 5.5.5
	Default catalog/schema: bd_scliente/undefined
	Autocommit mode: undefined/unknown
	Isolation level: REPEATABLE_READ [default REPEATABLE_READ]
	JDBC fetch size: none
	Pool: DataSourceConnectionProvider
	Minimum pool size: undefined/unknown
	Maximum pool size: undefined/unknown
02:11:45 INFO  HHH000489: No JTA platform available (set 'hibernate.transaction.jta.platform' to enable JTA platform integration)
02:11:45 INFO  Initialized JPA EntityManagerFactory for persistence unit 'default'
02:11:45 INFO  Hibernate is in classpath; If applicable, HQL parser will be used.
02:11:48 INFO  Creating database changelog table with name: bd_scliente.databasechangelog
02:11:48 INFO  Reading from bd_scliente.databasechangelog
02:11:49 INFO  Creating snapshot
02:11:49 INFO  Name 'PK_DATABASECHANGELOGLOCK' ignored for PRIMARY key.
02:11:49 INFO  Successfully acquired change log lock
02:11:49 INFO  Using deploymentId: 2367906017
02:11:49 INFO  Reading from bd_scliente.databasechangelog
02:11:49 INFO  Running Changeset: db/changelog/db.changelog.sql::1::autor
02:11:49 INFO  Table 'rol' already exists
02:11:49 INFO  Custom SQL executed
02:11:49 INFO  ChangeSet db/changelog/db.changelog.sql::1::autor ran successfully in 30ms
02:11:49 INFO  Running Changeset: db/changelog/db.changelog.sql::2::autor
02:11:49 INFO  Custom SQL executed
02:11:49 INFO  ChangeSet db/changelog/db.changelog.sql::2::autor ran successfully in 24ms
02:11:49 INFO  Running Changeset: db/changelog/db.changelog.sql::3::autor
02:11:49 INFO  Table 'cliente' already exists
02:11:49 INFO  Custom SQL executed
02:11:49 INFO  ChangeSet db/changelog/db.changelog.sql::3::autor ran successfully in 31ms
02:11:49 INFO  Running Changeset: db/changelog/db.changelog.sql::4::autor
02:11:49 INFO  Custom SQL executed
02:11:49 INFO  ChangeSet db/changelog/db.changelog.sql::4::autor ran successfully in 24ms
02:11:49 INFO  UPDATE SUMMARY
02:11:49 INFO  Run:                          4
02:11:49 INFO  Previously run:               0
02:11:49 INFO  Filtered out:                 0
02:11:49 INFO  -------------------------------
02:11:49 INFO  Total change sets:            4
02:11:49 INFO  Update summary generated
02:11:49 INFO  Update command completed successfully.
02:11:49 INFO  Liquibase: Update has been successful. Rows affected: 14
02:11:49 INFO  Successfully released change log lock
02:11:49 INFO  Command execution complete
02:11:49 WARN  spring.jpa.open-in-view is enabled by default. Therefore, database queries may be performed during view rendering. Explicitly configure spring.jpa.open-in-view to disable this warning
02:11:51 INFO  Exposing 1 endpoint beneath base path '/actuator'
02:11:51 INFO  Tomcat started on port 9091 (http) with context path '/'
02:11:51 INFO  Started ClienteServiceApplication in 19.587 seconds (process running for 21.413)
02:16:49 INFO  Commencing graceful shutdown. Waiting for active requests to complete
02:16:49 INFO  Graceful shutdown complete
02:16:49 INFO  Closing JPA EntityManagerFactory for persistence unit 'default'
02:16:49 INFO  HikariPool-1 - Shutdown initiated...
02:16:49 INFO  HikariPool-1 - Shutdown completed.
