16:34:20 INFO  Starting ResenaServiceApplication using Java 21.0.10 with PID 3348 (C:\Users\luisa\Downloads\reseña-service\reseña-service\target\classes started by luisa in C:\Users\luisa\Downloads\reseña-service\reseña-service)
16:34:20 INFO  No active profile set, falling back to 1 default profile: "default"
16:34:27 INFO  Bootstrapping Spring Data JPA repositories in DEFAULT mode.
16:34:28 INFO  Finished Spring Data repository scanning in 668 ms. Found 1 JPA repository interface.
16:34:33 INFO  Tomcat initialized with port 9097 (http)
16:34:33 INFO  Starting service [Tomcat]
16:34:33 INFO  Starting Servlet engine: [Apache Tomcat/11.0.22]
16:34:33 INFO  Root WebApplicationContext: initialization completed in 12629 ms
16:34:36 INFO  HHH008540: Processing PersistenceUnitInfo [name: default]
16:34:36 INFO  HHH000001: Hibernate ORM core version 7.4.1.Final
16:34:38 INFO  No LoadTimeWeaver setup: ignoring JPA class transformer
16:34:38 INFO  HikariPool-1 - Starting...
16:34:39 INFO  HikariPool-1 - Added connection com.mysql.cj.jdbc.ConnectionImpl@36f05595
16:34:39 INFO  HikariPool-1 - Start completed.
16:34:39 WARN  HHH000511: The 5.5.5 version for [org.hibernate.dialect.MySQLDialect] is no longer supported, hence certain features may not work properly.The minimum supported version is 8.0.0. Check the community dialects project for available legacy versions.
16:34:39 INFO  HHH10001005: Database info:
	Database JDBC URL [jdbc:mysql://localhost:3306/bd_inventario?createDatabaseIfNotExist=true]
	Database driver: MySQL Connector/J
	Database dialect: MySQLDialect
	Database version: 5.5.5
	Default catalog/schema: bd_inventario/undefined
	Autocommit mode: undefined/unknown
	Isolation level: REPEATABLE_READ [default REPEATABLE_READ]
	JDBC fetch size: none
	Pool: DataSourceConnectionProvider
	Minimum pool size: undefined/unknown
	Maximum pool size: undefined/unknown
16:34:42 INFO  HHH000489: No JTA platform available (set 'hibernate.transaction.jta.platform' to enable JTA platform integration)
16:34:43 INFO  Initialized JPA EntityManagerFactory for persistence unit 'default'
16:34:43 WARN  Exception encountered during context initialization - cancelling refresh attempt: org.springframework.beans.factory.UnsatisfiedDependencyException: Error creating bean with name 'resenaControllerV2' defined in file [C:\Users\luisa\Downloads\reseña-service\reseña-service\target\classes\com\Nexus_Fashion\resena_service\controller\ResenaControllerV2.class]: Unsatisfied dependency expressed through constructor parameter 0: No qualifying bean of type 'com.Nexus_Fashion.resena_service.service.ResenaService' available: expected at least 1 bean which qualifies as autowire candidate. Dependency annotations: {}
16:34:43 INFO  Closing JPA EntityManagerFactory for persistence unit 'default'
16:34:43 INFO  HikariPool-1 - Shutdown initiated...
16:34:43 INFO  HikariPool-1 - Shutdown completed.
16:34:43 INFO  Stopping service [Tomcat]
16:34:43 INFO  

Error starting ApplicationContext. To display the condition evaluation report re-run your application with 'debug' enabled.
16:34:43 ERROR 

***************************
APPLICATION FAILED TO START
***************************

Description:

Parameter 0 of constructor in com.Nexus_Fashion.resena_service.controller.ResenaControllerV2 required a bean of type 'com.Nexus_Fashion.resena_service.service.ResenaService' that could not be found.


Action:

Consider defining a bean of type 'com.Nexus_Fashion.resena_service.service.ResenaService' in your configuration.

16:37:38 INFO  Starting ResenaServiceApplication using Java 21.0.10 with PID 13352 (C:\Users\luisa\Downloads\reseña-service\reseña-service\target\classes started by luisa in C:\Users\luisa\Downloads\reseña-service\reseña-service)
16:37:38 INFO  No active profile set, falling back to 1 default profile: "default"
16:37:45 INFO  Bootstrapping Spring Data JPA repositories in DEFAULT mode.
16:37:45 INFO  Finished Spring Data repository scanning in 490 ms. Found 1 JPA repository interface.
16:37:48 INFO  Tomcat initialized with port 9097 (http)
16:37:48 INFO  Starting service [Tomcat]
16:37:48 INFO  Starting Servlet engine: [Apache Tomcat/11.0.22]
16:37:48 INFO  Root WebApplicationContext: initialization completed in 9293 ms
16:37:51 INFO  HHH008540: Processing PersistenceUnitInfo [name: default]
16:37:51 INFO  HHH000001: Hibernate ORM core version 7.4.1.Final
16:37:52 INFO  No LoadTimeWeaver setup: ignoring JPA class transformer
16:37:52 INFO  HikariPool-1 - Starting...
16:37:53 INFO  HikariPool-1 - Added connection com.mysql.cj.jdbc.ConnectionImpl@4040ccae
16:37:53 INFO  HikariPool-1 - Start completed.
16:37:53 WARN  HHH000511: The 5.5.5 version for [org.hibernate.dialect.MySQLDialect] is no longer supported, hence certain features may not work properly.The minimum supported version is 8.0.0. Check the community dialects project for available legacy versions.
16:37:53 INFO  HHH10001005: Database info:
	Database JDBC URL [jdbc:mysql://localhost:3306/bd_inventario?createDatabaseIfNotExist=true]
	Database driver: MySQL Connector/J
	Database dialect: MySQLDialect
	Database version: 5.5.5
	Default catalog/schema: bd_inventario/undefined
	Autocommit mode: undefined/unknown
	Isolation level: REPEATABLE_READ [default REPEATABLE_READ]
	JDBC fetch size: none
	Pool: DataSourceConnectionProvider
	Minimum pool size: undefined/unknown
	Maximum pool size: undefined/unknown
16:37:56 INFO  HHH000489: No JTA platform available (set 'hibernate.transaction.jta.platform' to enable JTA platform integration)
16:37:57 INFO  Initialized JPA EntityManagerFactory for persistence unit 'default'
16:37:58 INFO  Hibernate is in classpath; If applicable, HQL parser will be used.
16:37:58 WARN  Exception encountered during context initialization - cancelling refresh attempt: org.springframework.beans.factory.UnsatisfiedDependencyException: Error creating bean with name 'resenaControllerV2' defined in file [C:\Users\luisa\Downloads\reseña-service\reseña-service\target\classes\com\Nexus_Fashion\resena_service\controller\ResenaControllerV2.class]: Unsatisfied dependency expressed through constructor parameter 0: Error creating bean with name 'resenaService' defined in file [C:\Users\luisa\Downloads\reseña-service\reseña-service\target\classes\com\Nexus_Fashion\resena_service\service\ResenaService.class]: Unsatisfied dependency expressed through constructor parameter 1: No qualifying bean of type 'org.springframework.web.reactive.function.client.WebClient' available: expected at least 1 bean which qualifies as autowire candidate. Dependency annotations: {}
16:37:58 INFO  Closing JPA EntityManagerFactory for persistence unit 'default'
16:37:58 INFO  HikariPool-1 - Shutdown initiated...
16:37:58 INFO  HikariPool-1 - Shutdown completed.
16:37:58 INFO  Stopping service [Tomcat]
16:37:58 INFO  

Error starting ApplicationContext. To display the condition evaluation report re-run your application with 'debug' enabled.
16:37:59 ERROR 

***************************
APPLICATION FAILED TO START
***************************

Description:

Parameter 1 of constructor in com.Nexus_Fashion.resena_service.service.ResenaService required a bean of type 'org.springframework.web.reactive.function.client.WebClient' that could not be found.


Action:

Consider defining a bean of type 'org.springframework.web.reactive.function.client.WebClient' in your configuration.

16:46:31 INFO  Starting ResenaServiceApplication using Java 21.0.10 with PID 15132 (C:\Users\luisa\Downloads\reseña-service\reseña-service\target\classes started by luisa in C:\Users\luisa\Downloads\reseña-service\reseña-service)
16:46:31 INFO  No active profile set, falling back to 1 default profile: "default"
16:46:37 INFO  Bootstrapping Spring Data JPA repositories in DEFAULT mode.
16:46:38 INFO  Finished Spring Data repository scanning in 585 ms. Found 1 JPA repository interface.
16:46:41 INFO  Tomcat initialized with port 9097 (http)
16:46:41 INFO  Starting service [Tomcat]
16:46:41 INFO  Starting Servlet engine: [Apache Tomcat/11.0.22]
16:46:41 INFO  Root WebApplicationContext: initialization completed in 9236 ms
16:46:43 INFO  HHH008540: Processing PersistenceUnitInfo [name: default]
16:46:43 INFO  HHH000001: Hibernate ORM core version 7.4.1.Final
16:46:46 INFO  No LoadTimeWeaver setup: ignoring JPA class transformer
16:46:46 INFO  HikariPool-1 - Starting...
16:46:46 INFO  HikariPool-1 - Added connection com.mysql.cj.jdbc.ConnectionImpl@3cacc87
16:46:46 INFO  HikariPool-1 - Start completed.
16:46:46 WARN  HHH000511: The 5.5.5 version for [org.hibernate.dialect.MySQLDialect] is no longer supported, hence certain features may not work properly.The minimum supported version is 8.0.0. Check the community dialects project for available legacy versions.
16:46:46 INFO  HHH10001005: Database info:
	Database JDBC URL [jdbc:mysql://localhost:3306/bd_inventario?createDatabaseIfNotExist=true]
	Database driver: MySQL Connector/J
	Database dialect: MySQLDialect
	Database version: 5.5.5
	Default catalog/schema: bd_inventario/undefined
	Autocommit mode: undefined/unknown
	Isolation level: REPEATABLE_READ [default REPEATABLE_READ]
	JDBC fetch size: none
	Pool: DataSourceConnectionProvider
	Minimum pool size: undefined/unknown
	Maximum pool size: undefined/unknown
16:46:50 INFO  HHH000489: No JTA platform available (set 'hibernate.transaction.jta.platform' to enable JTA platform integration)
16:46:51 INFO  Initialized JPA EntityManagerFactory for persistence unit 'default'
16:46:51 INFO  Hibernate is in classpath; If applicable, HQL parser will be used.
16:46:54 WARN  spring.jpa.open-in-view is enabled by default. Therefore, database queries may be performed during view rendering. Explicitly configure spring.jpa.open-in-view to disable this warning
16:47:03 INFO  Tomcat started on port 9097 (http) with context path '/'
16:47:03 INFO  Started ResenaServiceApplication in 33.978 seconds (process running for 36.385)
16:49:17 INFO  Initializing Spring DispatcherServlet 'dispatcherServlet'
16:49:17 INFO  Initializing Servlet 'dispatcherServlet'
16:49:17 INFO  Completed initialization in 41 ms
16:49:19 ERROR Exception no controlada: No static resource resenas for request '/resenas'.
org.springframework.web.servlet.resource.NoResourceFoundException: No static resource resenas for request '/resenas'.
	at org.springframework.web.servlet.resource.ResourceHttpRequestHandler.handleRequest(ResourceHttpRequestHandler.java:527)
	at org.springframework.web.servlet.mvc.HttpRequestHandlerAdapter.handle(HttpRequestHandlerAdapter.java:50)
	at org.springframework.web.servlet.DispatcherServlet.doDispatch(DispatcherServlet.java:963)
	at org.springframework.web.servlet.DispatcherServlet.doService(DispatcherServlet.java:866)
	at org.springframework.web.servlet.FrameworkServlet.processRequest(FrameworkServlet.java:1000)
	at org.springframework.web.servlet.FrameworkServlet.doGet(FrameworkServlet.java:892)
	at jakarta.servlet.http.HttpServlet.service(HttpServlet.java:622)
	at org.springframework.web.servlet.FrameworkServlet.service(FrameworkServlet.java:874)
	at jakarta.servlet.http.HttpServlet.service(HttpServlet.java:710)
	at org.apache.catalina.core.ApplicationFilterChain.doFilter(ApplicationFilterChain.java:128)
	at org.apache.tomcat.websocket.server.WsFilter.doFilter(WsFilter.java:53)
	at org.apache.catalina.core.ApplicationFilterChain.doFilter(ApplicationFilterChain.java:107)
	at org.springframework.web.filter.RequestContextFilter.doFilterInternal(RequestContextFilter.java:100)
	at org.springframework.web.filter.OncePerRequestFilter.doFilter(OncePerRequestFilter.java:116)
	at org.apache.catalina.core.ApplicationFilterChain.doFilter(ApplicationFilterChain.java:107)
	at org.springframework.web.filter.FormContentFilter.doFilterInternal(FormContentFilter.java:93)
	at org.springframework.web.filter.OncePerRequestFilter.doFilter(OncePerRequestFilter.java:116)
	at org.apache.catalina.core.ApplicationFilterChain.doFilter(ApplicationFilterChain.java:107)
	at org.springframework.web.filter.CharacterEncodingFilter.doFilterInternal(CharacterEncodingFilter.java:199)
	at org.springframework.web.filter.OncePerRequestFilter.doFilter(OncePerRequestFilter.java:116)
	at org.apache.catalina.core.ApplicationFilterChain.doFilter(ApplicationFilterChain.java:107)
	at org.apache.catalina.core.StandardWrapperValve.invoke(StandardWrapperValve.java:165)
	at org.apache.catalina.core.StandardContextValve.invoke(StandardContextValve.java:77)
	at org.apache.catalina.authenticator.AuthenticatorBase.invoke(AuthenticatorBase.java:492)
	at org.apache.catalina.core.StandardHostValve.invoke(StandardHostValve.java:113)
	at org.apache.catalina.valves.ErrorReportValve.invoke(ErrorReportValve.java:83)
	at org.apache.catalina.core.StandardEngineValve.invoke(StandardEngineValve.java:72)
	at org.apache.catalina.connector.CoyoteAdapter.service(CoyoteAdapter.java:341)
	at org.apache.coyote.http11.Http11Processor.service(Http11Processor.java:397)
	at org.apache.coyote.AbstractProcessorLight.process(AbstractProcessorLight.java:63)
	at org.apache.coyote.AbstractProtocol$ConnectionHandler.process(AbstractProtocol.java:1272)
	at org.apache.tomcat.util.net.NioEndpoint$SocketProcessor.doRun(NioEndpoint.java:1801)
	at org.apache.tomcat.util.net.SocketProcessorBase.run(SocketProcessorBase.java:52)
	at org.apache.tomcat.util.threads.ThreadPoolExecutor.runWorker(ThreadPoolExecutor.java:946)
	at org.apache.tomcat.util.threads.ThreadPoolExecutor$Worker.run(ThreadPoolExecutor.java:480)
	at org.apache.tomcat.util.threads.TaskThread$WrappingRunnable.run(TaskThread.java:57)
	at java.base/java.lang.Thread.run(Thread.java:1583)
