16:02:30 INFO  Starting ProductoServiceApplication using Java 21.0.10 with PID 19568 (C:\Users\vicen\OneDrive\Escritorio\Nexus-fashion - final\producto-service\target\classes started by vicen in C:\Users\vicen\OneDrive\Escritorio\Nexus-fashion - final\producto-service)
16:02:30 INFO  No active profile set, falling back to 1 default profile: "default"
16:02:30 INFO  Devtools property defaults active! Set 'spring.devtools.add-properties' to 'false' to disable
16:02:30 INFO  For additional web related logging consider setting the 'logging.level.web' property to 'DEBUG'
16:02:30 INFO  Bootstrapping Spring Data JPA repositories in DEFAULT mode.
16:02:31 INFO  Finished Spring Data repository scanning in 124 ms. Found 1 JPA repository interface.
16:02:31 INFO  Tomcat initialized with port 9093 (http)
16:02:31 INFO  Starting service [Tomcat]
16:02:31 INFO  Starting Servlet engine: [Apache Tomcat/11.0.21]
16:02:31 INFO  Root WebApplicationContext: initialization completed in 1553 ms
16:02:31 INFO  HHH008540: Processing PersistenceUnitInfo [name: default]
16:02:31 INFO  HHH000001: Hibernate ORM core version 7.2.12.Final
16:02:32 INFO  No LoadTimeWeaver setup: ignoring JPA class transformer
16:02:32 INFO  HikariPool-1 - Starting...
16:02:33 INFO  HikariPool-1 - Added connection com.mysql.cj.jdbc.ConnectionImpl@6d699415
16:02:33 INFO  HikariPool-1 - Start completed.
16:02:33 WARN  HHH000511: The 5.5.5 version for [org.hibernate.dialect.MySQLDialect] is no longer supported, hence certain features may not work properly.The minimum supported version is 8.0.0. Check the community dialects project for available legacy versions.
16:02:33 INFO  HHH10001005: Database info:
	Database JDBC URL [jdbc:mysql://localhost:3306/bd_producto?createDatabaseIfNotExist=true]
	Database driver: MySQL Connector/J
	Database dialect: MySQLDialect
	Database version: 5.5.5
	Default catalog/schema: bd_producto/undefined
	Autocommit mode: undefined/unknown
	Isolation level: REPEATABLE_READ [default REPEATABLE_READ]
	JDBC fetch size: none
	Pool: DataSourceConnectionProvider
	Minimum pool size: undefined/unknown
	Maximum pool size: undefined/unknown
16:02:33 INFO  HHH000489: No JTA platform available (set 'hibernate.transaction.jta.platform' to enable JTA platform integration)
16:02:33 INFO  Initialized JPA EntityManagerFactory for persistence unit 'default'
16:02:34 INFO  Hibernate is in classpath; If applicable, HQL parser will be used.
16:02:36 INFO  Creating database changelog table with name: bd_producto.databasechangelog
16:02:36 INFO  Reading from bd_producto.databasechangelog
16:02:36 INFO  Creating snapshot
16:02:36 INFO  Name 'PK_DATABASECHANGELOGLOCK' ignored for PRIMARY key.
16:02:36 INFO  Successfully acquired change log lock
16:02:36 INFO  Using deploymentId: 1035354215
16:02:36 INFO  Reading from bd_producto.databasechangelog
16:02:36 INFO  Running Changeset: db/changelog/db.changelog.sql::1::autor
16:02:36 INFO  Custom SQL executed
16:02:36 INFO  ChangeSet db/changelog/db.changelog.sql::1::autor ran successfully in 34ms
16:02:36 INFO  Running Changeset: db/changelog/db.changelog.sql::2::autor
16:02:36 INFO  Custom SQL executed
16:02:36 INFO  ChangeSet db/changelog/db.changelog.sql::2::autor ran successfully in 9ms
16:02:36 INFO  Running Changeset: db/changelog/db.changelog.sql::3::autor
16:02:36 INFO  Custom SQL executed
16:02:36 INFO  ChangeSet db/changelog/db.changelog.sql::3::autor ran successfully in 20ms
16:02:36 INFO  Running Changeset: db/changelog/db.changelog.sql::4::autor
16:02:36 INFO  Custom SQL executed
16:02:36 INFO  ChangeSet db/changelog/db.changelog.sql::4::autor ran successfully in 9ms
16:02:36 INFO  UPDATE SUMMARY
16:02:36 INFO  Run:                          4
16:02:36 INFO  Previously run:               0
16:02:36 INFO  Filtered out:                 0
16:02:36 INFO  -------------------------------
16:02:36 INFO  Total change sets:            4
16:02:36 INFO  Update summary generated
16:02:36 INFO  Update command completed successfully.
16:02:36 INFO  Liquibase: Update has been successful. Rows affected: 13
16:02:36 INFO  Successfully released change log lock
16:02:36 INFO  Command execution complete
16:02:36 WARN  spring.jpa.open-in-view is enabled by default. Therefore, database queries may be performed during view rendering. Explicitly configure spring.jpa.open-in-view to disable this warning
16:02:37 INFO  Tomcat started on port 9093 (http) with context path '/'
16:02:37 INFO  Started ProductoServiceApplication in 7.521 seconds (process running for 8.084)
16:03:56 INFO  Initializing Spring DispatcherServlet 'dispatcherServlet'
16:03:56 INFO  Initializing Servlet 'dispatcherServlet'
16:03:56 INFO  Completed initialization in 1 ms
16:03:56 INFO  GET /productos - Solicitando catálogo completo de productos
16:03:56 INFO  Servicio Producto: Consultando todos los productos del inventario en la BD
16:03:57 INFO  Servicio Producto: Consulta finalizada. Total de productos en catálogo: 9
16:03:57 INFO  GET /productos - Catálogo enviado. Total productos: 9
16:12:36 INFO  Restarting due to 14 class path changes (0 additions, 0 deletions, 14 modifications)
16:12:36 INFO  Commencing graceful shutdown. Waiting for active requests to complete
16:12:36 INFO  Graceful shutdown complete
16:12:36 INFO  Closing JPA EntityManagerFactory for persistence unit 'default'
16:12:36 INFO  HikariPool-1 - Shutdown initiated...
16:12:36 INFO  HikariPool-1 - Shutdown completed.
16:12:36 INFO  Starting ProductoServiceApplication using Java 21.0.10 with PID 19568 (C:\Users\vicen\OneDrive\Escritorio\Nexus-fashion - final\producto-service\target\classes started by vicen in C:\Users\vicen\OneDrive\Escritorio\Nexus-fashion - final\producto-service)
16:12:36 INFO  No active profile set, falling back to 1 default profile: "default"
16:12:37 INFO  Bootstrapping Spring Data JPA repositories in DEFAULT mode.
16:12:37 INFO  Finished Spring Data repository scanning in 13 ms. Found 1 JPA repository interface.
16:12:37 INFO  Tomcat initialized with port 9093 (http)
16:12:37 INFO  Starting service [Tomcat]
16:12:37 INFO  Starting Servlet engine: [Apache Tomcat/11.0.21]
16:12:37 INFO  Root WebApplicationContext: initialization completed in 590 ms
16:12:37 INFO  HHH008540: Processing PersistenceUnitInfo [name: default]
16:12:37 INFO  No LoadTimeWeaver setup: ignoring JPA class transformer
16:12:37 INFO  HikariPool-2 - Starting...
16:12:37 INFO  HikariPool-2 - Added connection com.mysql.cj.jdbc.ConnectionImpl@5f99dcfa
16:12:37 INFO  HikariPool-2 - Start completed.
16:12:37 WARN  HHH000511: The 5.5.5 version for [org.hibernate.dialect.MySQLDialect] is no longer supported, hence certain features may not work properly.The minimum supported version is 8.0.0. Check the community dialects project for available legacy versions.
16:12:37 INFO  HHH10001005: Database info:
	Database JDBC URL [jdbc:mysql://localhost:3306/bd_producto?createDatabaseIfNotExist=true]
	Database driver: MySQL Connector/J
	Database dialect: MySQLDialect
	Database version: 5.5.5
	Default catalog/schema: bd_producto/undefined
	Autocommit mode: undefined/unknown
	Isolation level: REPEATABLE_READ [default REPEATABLE_READ]
	JDBC fetch size: none
	Pool: DataSourceConnectionProvider
	Minimum pool size: undefined/unknown
	Maximum pool size: undefined/unknown
16:12:37 INFO  HHH000489: No JTA platform available (set 'hibernate.transaction.jta.platform' to enable JTA platform integration)
16:12:37 INFO  Initialized JPA EntityManagerFactory for persistence unit 'default'
16:12:37 INFO  Reading from bd_producto.databasechangelog
16:12:37 INFO  Database is up to date, no changesets to execute
16:12:37 INFO  Reading from bd_producto.databasechangelog
16:12:37 INFO  UPDATE SUMMARY
16:12:37 INFO  Run:                          0
16:12:37 INFO  Previously run:               4
16:12:37 INFO  Filtered out:                 0
16:12:37 INFO  -------------------------------
16:12:37 INFO  Total change sets:            4
16:12:37 INFO  Update summary generated
16:12:37 INFO  Command execution complete
16:12:38 WARN  spring.jpa.open-in-view is enabled by default. Therefore, database queries may be performed during view rendering. Explicitly configure spring.jpa.open-in-view to disable this warning
16:12:38 INFO  Tomcat started on port 9093 (http) with context path '/'
16:12:38 INFO  Started ProductoServiceApplication in 1.31 seconds (process running for 609.146)
16:12:38 INFO  Condition evaluation unchanged
16:15:45 INFO  Restarting due to 14 class path changes (0 additions, 0 deletions, 14 modifications)
16:15:45 INFO  Commencing graceful shutdown. Waiting for active requests to complete
16:15:45 INFO  Graceful shutdown complete
16:15:45 INFO  Closing JPA EntityManagerFactory for persistence unit 'default'
16:15:45 INFO  HikariPool-2 - Shutdown initiated...
16:15:45 INFO  HikariPool-2 - Shutdown completed.
16:15:45 INFO  Starting ProductoServiceApplication using Java 21.0.10 with PID 19568 (C:\Users\vicen\OneDrive\Escritorio\Nexus-fashion - final\producto-service\target\classes started by vicen in C:\Users\vicen\OneDrive\Escritorio\Nexus-fashion - final\producto-service)
16:15:45 INFO  No active profile set, falling back to 1 default profile: "default"
16:15:45 INFO  Bootstrapping Spring Data JPA repositories in DEFAULT mode.
16:15:45 INFO  Finished Spring Data repository scanning in 12 ms. Found 1 JPA repository interface.
16:15:46 INFO  Tomcat initialized with port 9093 (http)
16:15:46 INFO  Starting service [Tomcat]
16:15:46 INFO  Starting Servlet engine: [Apache Tomcat/11.0.21]
16:15:46 INFO  Root WebApplicationContext: initialization completed in 406 ms
16:15:46 INFO  HHH008540: Processing PersistenceUnitInfo [name: default]
16:15:46 INFO  No LoadTimeWeaver setup: ignoring JPA class transformer
16:15:46 INFO  HikariPool-3 - Starting...
16:15:46 INFO  HikariPool-3 - Added connection com.mysql.cj.jdbc.ConnectionImpl@628aff52
16:15:46 INFO  HikariPool-3 - Start completed.
16:15:46 WARN  HHH000511: The 5.5.5 version for [org.hibernate.dialect.MySQLDialect] is no longer supported, hence certain features may not work properly.The minimum supported version is 8.0.0. Check the community dialects project for available legacy versions.
16:15:46 INFO  HHH10001005: Database info:
	Database JDBC URL [jdbc:mysql://localhost:3306/bd_producto?createDatabaseIfNotExist=true]
	Database driver: MySQL Connector/J
	Database dialect: MySQLDialect
	Database version: 5.5.5
	Default catalog/schema: bd_producto/undefined
	Autocommit mode: undefined/unknown
	Isolation level: REPEATABLE_READ [default REPEATABLE_READ]
	JDBC fetch size: none
	Pool: DataSourceConnectionProvider
	Minimum pool size: undefined/unknown
	Maximum pool size: undefined/unknown
16:15:46 INFO  HHH000489: No JTA platform available (set 'hibernate.transaction.jta.platform' to enable JTA platform integration)
16:15:46 INFO  Initialized JPA EntityManagerFactory for persistence unit 'default'
16:15:46 INFO  Reading from bd_producto.databasechangelog
16:15:46 INFO  Database is up to date, no changesets to execute
16:15:46 INFO  Reading from bd_producto.databasechangelog
16:15:46 INFO  UPDATE SUMMARY
16:15:46 INFO  Run:                          0
16:15:46 INFO  Previously run:               4
16:15:46 INFO  Filtered out:                 0
16:15:46 INFO  -------------------------------
16:15:46 INFO  Total change sets:            4
16:15:46 INFO  Update summary generated
16:15:46 INFO  Command execution complete
16:15:46 WARN  spring.jpa.open-in-view is enabled by default. Therefore, database queries may be performed during view rendering. Explicitly configure spring.jpa.open-in-view to disable this warning
16:15:46 INFO  Tomcat started on port 9093 (http) with context path '/'
16:15:46 INFO  Started ProductoServiceApplication in 0.959 seconds (process running for 797.636)
16:15:46 INFO  Condition evaluation unchanged
